{"C:\\WePlan\\pec-conv-wdc\\src\\Components\\Button\\index.tsx": {"path":"C:\\WePlan\\pec-conv-wdc\\src\\Components\\Button\\index.tsx","statementMap":{"0":{"start":{"line":2,"column":0},"end":{"line":2,"column":43}},"1":{"start":{"line":3,"column":0},"end":{"line":3,"column":59}},"2":{"start":{"line":4,"column":0},"end":{"line":4,"column":29}},"3":{"start":{"line":6,"column":36},"end":{"line":88,"column":1}},"4":{"start":{"line":7,"column":9},"end":{"line":7,"column":null}},"5":{"start":{"line":8,"column":8},"end":{"line":8,"column":null}},"6":{"start":{"line":9,"column":13},"end":{"line":9,"column":null}},"7":{"start":{"line":10,"column":9},"end":{"line":10,"column":null}},"8":{"start":{"line":11,"column":14},"end":{"line":11,"column":null}},"9":{"start":{"line":12,"column":11},"end":{"line":12,"column":null}},"10":{"start":{"line":13,"column":12},"end":{"line":13,"column":null}},"11":{"start":{"line":14,"column":13},"end":{"line":14,"column":null}},"12":{"start":{"line":15,"column":9},"end":{"line":15,"column":null}},"13":{"start":{"line":16,"column":15},"end":{"line":16,"column":null}},"14":{"start":{"line":17,"column":13},"end":{"line":17,"column":null}},"15":{"start":{"line":18,"column":10},"end":{"line":18,"column":null}},"16":{"start":{"line":19,"column":9},"end":{"line":19,"column":null}},"17":{"start":{"line":20,"column":15},"end":{"line":20,"column":null}},"18":{"start":{"line":22,"column":21},"end":{"line":22,"column":34}},"19":{"start":{"line":24,"column":20},"end":{"line":27,"column":5}},"20":{"start":{"line":25,"column":8},"end":{"line":25,"column":52}},"21":{"start":{"line":26,"column":8},"end":{"line":26,"column":37}},"22":{"start":{"line":29,"column":18},"end":{"line":29,"column":null}},"23":{"start":{"line":29,"column":50},"end":{"line":39,"column":6}},"24":{"start":{"line":41,"column":4},"end":{"line":87,"column":6}},"25":{"start":{"line":90,"column":0},"end":{"line":90,"column":22}}},"fnMap":{"0":{"name":"(anonymous_3)","decl":{"start":{"line":6,"column":36},"end":{"line":6,"column":37}},"loc":{"start":{"line":21,"column":1},"end":{"line":88,"column":1}}},"1":{"name":"(anonymous_4)","decl":{"start":{"line":24,"column":20},"end":{"line":24,"column":null}},"loc":{"start":{"line":24,"column":20},"end":{"line":27,"column":5}}},"2":{"name":"(anonymous_5)","decl":{"start":{"line":29,"column":18},"end":{"line":29,"column":19}},"loc":{"start":{"line":29,"column":45},"end":{"line":29,"column":null}}}},"branchMap":{"0":{"loc":{"start":{"line":25,"column":8},"end":{"line":25,"column":51}},"type":"binary-expr","locations":[{"start":{"line":25,"column":8},"end":{"line":25,"column":13}},{"start":{"line":25,"column":17},"end":{"line":25,"column":51}}]},"1":{"loc":{"start":{"line":26,"column":8},"end":{"line":26,"column":36}},"type":"binary-expr","locations":[{"start":{"line":26,"column":8},"end":{"line":26,"column":19}},{"start":{"line":26,"column":23},"end":{"line":26,"column":36}}]},"2":{"loc":{"start":{"line":34,"column":24},"end":{"line":34,"column":49}},"type":"cond-expr","locations":[{"start":{"line":34,"column":35},"end":{"line":34,"column":37}},{"start":{"line":34,"column":40},"end":{"line":34,"column":49}}]},"3":{"loc":{"start":{"line":57,"column":21},"end":{"line":57,"column":72}},"type":"binary-expr","locations":[{"start":{"line":57,"column":21},"end":{"line":57,"column":26}},{"start":{"line":57,"column":30},"end":{"line":57,"column":35}},{"start":{"line":57,"column":39},"end":{"line":57,"column":72}}]},"4":{"loc":{"start":{"line":58,"column":21},"end":{"line":59,"column":null}},"type":"binary-expr","locations":[{"start":{"line":58,"column":21},"end":{"line":58,"column":25}},{"start":{"line":58,"column":29},"end":{"line":58,"column":35}},{"start":{"line":59,"column":24},"end":{"line":59,"column":72}}]},"5":{"loc":{"start":{"line":61,"column":21},"end":{"line":82,"column":null}},"type":"binary-expr","locations":[{"start":{"line":61,"column":21},"end":{"line":61,"column":25}},{"start":{"line":61,"column":29},"end":{"line":61,"column":34}},{"start":{"line":62,"column":24},"end":{"line":81,"column":null}}]},"6":{"loc":{"start":{"line":63,"column":29},"end":{"line":80,"column":null}},"type":"cond-expr","locations":[{"start":{"line":64,"column":32},"end":{"line":70,"column":null}},{"start":{"line":73,"column":32},"end":{"line":79,"column":null}}]}},"s":{"0":1,"1":1,"2":1,"3":1,"4":8,"5":8,"6":8,"7":8,"8":8,"9":8,"10":8,"11":8,"12":8,"13":8,"14":8,"15":8,"16":8,"17":8,"18":8,"19":8,"20":2,"21":2,"22":8,"23":7,"24":8,"25":1},"f":{"0":8,"1":2,"2":7},"b":{"0":[2,1],"1":[2,1],"2":[1,6],"3":[8,7,3],"4":[8,5,1],"5":[8,5,4],"6":[1,3]}}
,"C:\\WePlan\\pec-conv-wdc\\src\\Components\\LabelWithContent\\content.tsx": {"path":"C:\\WePlan\\pec-conv-wdc\\src\\Components\\LabelWithContent\\content.tsx","statementMap":{"0":{"start":{"line":2,"column":0},"end":{"line":2,"column":80}},"1":{"start":{"line":4,"column":53},"end":{"line":12,"column":null}},"2":{"start":{"line":5,"column":11},"end":{"line":5,"column":null}},"3":{"start":{"line":6,"column":9},"end":{"line":6,"column":null}},"4":{"start":{"line":7,"column":15},"end":{"line":7,"column":null}},"5":{"start":{"line":8,"column":9},"end":{"line":8,"column":null}},"6":{"start":{"line":9,"column":11},"end":{"line":9,"column":null}},"7":{"start":{"line":10,"column":17},"end":{"line":10,"column":null}},"8":{"start":{"line":11,"column":17},"end":{"line":11,"column":null}},"9":{"start":{"line":12,"column":6},"end":{"line":24,"column":2}},"10":{"start":{"line":26,"column":0},"end":{"line":26,"column":23}}},"fnMap":{"0":{"name":"(anonymous_2)","decl":{"start":{"line":4,"column":53},"end":{"line":4,"column":54}},"loc":{"start":{"line":12,"column":1},"end":{"line":12,"column":null}}}},"branchMap":{"0":{"loc":{"start":{"line":16,"column":15},"end":{"line":16,"column":29}},"type":"binary-expr","locations":[{"start":{"line":16,"column":15},"end":{"line":16,"column":20}},{"start":{"line":16,"column":24},"end":{"line":16,"column":29}}]}},"s":{"0":1,"1":1,"2":2,"3":2,"4":2,"5":2,"6":2,"7":2,"8":2,"9":2,"10":1},"f":{"0":2},"b":{"0":[2,1]}}
,"C:\\WePlan\\pec-conv-wdc\\src\\Components\\LabelWithContent\\index.tsx": {"path":"C:\\WePlan\\pec-conv-wdc\\src\\Components\\LabelWithContent\\index.tsx","statementMap":{"0":{"start":{"line":2,"column":0},"end":{"line":2,"column":29}},"1":{"start":{"line":3,"column":0},"end":{"line":3,"column":29}},"2":{"start":{"line":4,"column":0},"end":{"line":4,"column":37}},"3":{"start":{"line":5,"column":0},"end":{"line":5,"column":34}},"4":{"start":{"line":6,"column":0},"end":{"line":6,"column":40}},"5":{"start":{"line":7,"column":0},"end":{"line":7,"column":41}},"6":{"start":{"line":8,"column":0},"end":{"line":8,"column":32}},"7":{"start":{"line":9,"column":0},"end":{"line":9,"column":28}},"8":{"start":{"line":26,"column":71},"end":{"line":84,"column":1}},"9":{"start":{"line":27,"column":11},"end":{"line":27,"column":null}},"10":{"start":{"line":28,"column":14},"end":{"line":28,"column":null}},"11":{"start":{"line":29,"column":16},"end":{"line":29,"column":null}},"12":{"start":{"line":30,"column":9},"end":{"line":30,"column":null}},"13":{"start":{"line":31,"column":19},"end":{"line":31,"column":null}},"14":{"start":{"line":32,"column":13},"end":{"line":32,"column":null}},"15":{"start":{"line":33,"column":15},"end":{"line":33,"column":null}},"16":{"start":{"line":34,"column":13},"end":{"line":34,"column":null}},"17":{"start":{"line":35,"column":17},"end":{"line":35,"column":null}},"18":{"start":{"line":36,"column":17},"end":{"line":36,"column":null}},"19":{"start":{"line":37,"column":9},"end":{"line":37,"column":null}},"20":{"start":{"line":39,"column":27},"end":{"line":39,"column":43}},"21":{"start":{"line":40,"column":4},"end":{"line":83,"column":6}},"22":{"start":{"line":64,"column":64},"end":{"line":77,"column":30}},"23":{"start":{"line":86,"column":0},"end":{"line":86,"column":32}}},"fnMap":{"0":{"name":"(anonymous_1)","decl":{"start":{"line":26,"column":71},"end":{"line":26,"column":72}},"loc":{"start":{"line":38,"column":1},"end":{"line":84,"column":1}}},"1":{"name":"(anonymous_2)","decl":{"start":{"line":64,"column":42},"end":{"line":64,"column":43}},"loc":{"start":{"line":64,"column":59},"end":{"line":64,"column":null}}}},"branchMap":{"0":{"loc":{"start":{"line":42,"column":13},"end":{"line":48,"column":null}},"type":"binary-expr","locations":[{"start":{"line":42,"column":13},"end":{"line":42,"column":18}},{"start":{"line":43,"column":16},"end":{"line":47,"column":null}}]},"1":{"loc":{"start":{"line":50,"column":13},"end":{"line":80,"column":null}},"type":"binary-expr","locations":[{"start":{"line":50,"column":13},"end":{"line":50,"column":29}},{"start":{"line":51,"column":16},"end":{"line":79,"column":null}}]},"2":{"loc":{"start":{"line":52,"column":21},"end":{"line":60,"column":null}},"type":"binary-expr","locations":[{"start":{"line":52,"column":21},"end":{"line":52,"column":36}},{"start":{"line":53,"column":24},"end":{"line":59,"column":null}}]},"3":{"loc":{"start":{"line":62,"column":21},"end":{"line":78,"column":null}},"type":"binary-expr","locations":[{"start":{"line":62,"column":21},"end":{"line":62,"column":35}},{"start":{"line":63,"column":24},"end":{"line":77,"column":null}}]},"4":{"loc":{"start":{"line":70,"column":44},"end":{"line":71,"column":62}},"type":"binary-expr","locations":[{"start":{"line":70,"column":44},"end":{"line":70,"column":61}},{"start":{"line":71,"column":44},"end":{"line":71,"column":62}}]}},"s":{"0":1,"1":1,"2":1,"3":1,"4":1,"5":1,"6":1,"7":1,"8":1,"9":1,"10":1,"11":1,"12":1,"13":1,"14":1,"15":1,"16":1,"17":1,"18":1,"19":1,"20":1,"21":1,"22":0,"23":1},"f":{"0":1,"1":0},"b":{"0":[1,1],"1":[1,1],"2":[1,1],"3":[1,0],"4":[0,0]}}
,"C:\\WePlan\\pec-conv-wdc\\src\\Components\\LabelWithContent\\label.tsx": {"path":"C:\\WePlan\\pec-conv-wdc\\src\\Components\\LabelWithContent\\label.tsx","statementMap":{"0":{"start":{"line":2,"column":0},"end":{"line":2,"column":76}},"1":{"start":{"line":3,"column":0},"end":{"line":3,"column":39}},"2":{"start":{"line":5,"column":49},"end":{"line":22,"column":1}},"3":{"start":{"line":6,"column":9},"end":{"line":6,"column":null}},"4":{"start":{"line":7,"column":9},"end":{"line":7,"column":null}},"5":{"start":{"line":8,"column":19},"end":{"line":8,"column":null}},"6":{"start":{"line":9,"column":13},"end":{"line":9,"column":null}},"7":{"start":{"line":10,"column":13},"end":{"line":10,"column":null}},"8":{"start":{"line":12,"column":4},"end":{"line":21,"column":6}},"9":{"start":{"line":24,"column":0},"end":{"line":24,"column":21}}},"fnMap":{"0":{"name":"(anonymous_2)","decl":{"start":{"line":5,"column":49},"end":{"line":5,"column":50}},"loc":{"start":{"line":11,"column":1},"end":{"line":22,"column":1}}}},"branchMap":{"0":{"loc":{"start":{"line":14,"column":19},"end":{"line":14,"column":46}},"type":"binary-expr","locations":[{"start":{"line":14,"column":19},"end":{"line":14,"column":24}},{"start":{"line":14,"column":28},"end":{"line":14,"column":46}}]}},"s":{"0":1,"1":1,"2":1,"3":1,"4":1,"5":1,"6":1,"7":1,"8":1,"9":1},"f":{"0":1},"b":{"0":[1,0]}}
,"C:\\WePlan\\pec-conv-wdc\\src\\Components\\Media\\index.tsx": {"path":"C:\\WePlan\\pec-conv-wdc\\src\\Components\\Media\\index.tsx","statementMap":{"0":{"start":{"line":2,"column":0},"end":{"line":2,"column":59}},"1":{"start":{"line":4,"column":55},"end":{"line":34,"column":1}},"2":{"start":{"line":5,"column":8},"end":{"line":5,"column":null}},"3":{"start":{"line":6,"column":7},"end":{"line":6,"column":null}},"4":{"start":{"line":7,"column":9},"end":{"line":7,"column":null}},"5":{"start":{"line":8,"column":10},"end":{"line":8,"column":null}},"6":{"start":{"line":9,"column":14},"end":{"line":9,"column":null}},"7":{"start":{"line":10,"column":11},"end":{"line":10,"column":null}},"8":{"start":{"line":11,"column":10},"end":{"line":11,"column":null}},"9":{"start":{"line":12,"column":10},"end":{"line":12,"column":null}},"10":{"start":{"line":13,"column":11},"end":{"line":13,"column":null}},"11":{"start":{"line":14,"column":11},"end":{"line":14,"column":null}},"12":{"start":{"line":15,"column":15},"end":{"line":15,"column":null}},"13":{"start":{"line":16,"column":11},"end":{"line":16,"column":null}},"14":{"start":{"line":18,"column":4},"end":{"line":33,"column":6}},"15":{"start":{"line":36,"column":0},"end":{"line":36,"column":27}}},"fnMap":{"0":{"name":"(anonymous_0)","decl":{"start":{"line":4,"column":55},"end":{"line":4,"column":56}},"loc":{"start":{"line":17,"column":1},"end":{"line":34,"column":1}}}},"branchMap":{},"s":{"0":2,"1":2,"2":7,"3":7,"4":7,"5":7,"6":7,"7":7,"8":7,"9":7,"10":7,"11":7,"12":7,"13":7,"14":7,"15":2},"f":{"0":7},"b":{}}
,"C:\\WePlan\\pec-conv-wdc\\src\\Components\\Title\\index.tsx": {"path":"C:\\WePlan\\pec-conv-wdc\\src\\Components\\Title\\index.tsx","statementMap":{"0":{"start":{"line":2,"column":0},"end":{"line":2,"column":59}},"1":{"start":{"line":5,"column":55},"end":{"line":30,"column":1}},"2":{"start":{"line":6,"column":9},"end":{"line":6,"column":null}},"3":{"start":{"line":7,"column":9},"end":{"line":7,"column":null}},"4":{"start":{"line":8,"column":8},"end":{"line":8,"column":null}},"5":{"start":{"line":9,"column":9},"end":{"line":9,"column":null}},"6":{"start":{"line":10,"column":14},"end":{"line":10,"column":null}},"7":{"start":{"line":11,"column":11},"end":{"line":11,"column":null}},"8":{"start":{"line":12,"column":10},"end":{"line":12,"column":null}},"9":{"start":{"line":13,"column":15},"end":{"line":13,"column":null}},"10":{"start":{"line":14,"column":11},"end":{"line":14,"column":null}},"11":{"start":{"line":16,"column":4},"end":{"line":29,"column":null}},"12":{"start":{"line":32,"column":0},"end":{"line":32,"column":null}}},"fnMap":{"0":{"name":"(anonymous_2)","decl":{"start":{"line":5,"column":55},"end":{"line":5,"column":56}},"loc":{"start":{"line":15,"column":1},"end":{"line":30,"column":1}}}},"branchMap":{},"s":{"0":1,"1":1,"2":1,"3":1,"4":1,"5":1,"6":1,"7":1,"8":1,"9":1,"10":1,"11":1,"12":1},"f":{"0":1},"b":{}}
,"C:\\WePlan\\pec-conv-wdc\\src\\Constants\\i18n.tsx": {"path":"C:\\WePlan\\pec-conv-wdc\\src\\Constants\\i18n.tsx","statementMap":{"0":{"start":{"line":1,"column":11},"end":{"line":160,"column":2}},"1":{"start":{"line":162,"column":0},"end":{"line":162,"column":18}}},"fnMap":{},"branchMap":{},"s":{"0":1,"1":1},"f":{},"b":{}}
,"C:\\WePlan\\pec-conv-wdc\\src\\Constants\\icons.tsx": {"path":"C:\\WePlan\\pec-conv-wdc\\src\\Constants\\icons.tsx","statementMap":{"0":{"start":{"line":1,"column":0},"end":{"line":1,"column":41}},"1":{"start":{"line":2,"column":0},"end":{"line":2,"column":50}},"2":{"start":{"line":3,"column":0},"end":{"line":3,"column":49}},"3":{"start":{"line":4,"column":0},"end":{"line":4,"column":55}},"4":{"start":{"line":5,"column":0},"end":{"line":5,"column":45}},"5":{"start":{"line":6,"column":0},"end":{"line":6,"column":45}},"6":{"start":{"line":7,"column":0},"end":{"line":7,"column":50}},"7":{"start":{"line":8,"column":0},"end":{"line":8,"column":43}},"8":{"start":{"line":9,"column":0},"end":{"line":9,"column":54}},"9":{"start":{"line":10,"column":0},"end":{"line":10,"column":57}},"10":{"start":{"line":11,"column":0},"end":{"line":11,"column":70}},"11":{"start":{"line":12,"column":0},"end":{"line":12,"column":56}},"12":{"start":{"line":13,"column":0},"end":{"line":13,"column":51}},"13":{"start":{"line":14,"column":0},"end":{"line":14,"column":53}},"14":{"start":{"line":15,"column":0},"end":{"line":15,"column":48}},"15":{"start":{"line":16,"column":0},"end":{"line":16,"column":54}},"16":{"start":{"line":17,"column":0},"end":{"line":17,"column":60}},"17":{"start":{"line":18,"column":0},"end":{"line":18,"column":71}},"18":{"start":{"line":19,"column":0},"end":{"line":19,"column":46}},"19":{"start":{"line":20,"column":0},"end":{"line":20,"column":53}},"20":{"start":{"line":21,"column":0},"end":{"line":21,"column":53}},"21":{"start":{"line":22,"column":0},"end":{"line":22,"column":58}},"22":{"start":{"line":23,"column":0},"end":{"line":23,"column":65}},"23":{"start":{"line":24,"column":0},"end":{"line":24,"column":47}},"24":{"start":{"line":25,"column":0},"end":{"line":25,"column":54}},"25":{"start":{"line":26,"column":0},"end":{"line":26,"column":56}},"26":{"start":{"line":27,"column":0},"end":{"line":27,"column":47}},"27":{"start":{"line":28,"column":0},"end":{"line":28,"column":58}},"28":{"start":{"line":29,"column":0},"end":{"line":29,"column":54}},"29":{"start":{"line":30,"column":0},"end":{"line":30,"column":55}},"30":{"start":{"line":31,"column":0},"end":{"line":31,"column":51}},"31":{"start":{"line":32,"column":0},"end":{"line":32,"column":53}},"32":{"start":{"line":33,"column":0},"end":{"line":33,"column":51}},"33":{"start":{"line":34,"column":0},"end":{"line":34,"column":48}},"34":{"start":{"line":35,"column":0},"end":{"line":35,"column":52}},"35":{"start":{"line":36,"column":0},"end":{"line":36,"column":41}},"36":{"start":{"line":37,"column":0},"end":{"line":37,"column":63}},"37":{"start":{"line":38,"column":0},"end":{"line":38,"column":59}},"38":{"start":{"line":39,"column":0},"end":{"line":39,"column":57}},"39":{"start":{"line":40,"column":0},"end":{"line":40,"column":55}},"40":{"start":{"line":41,"column":0},"end":{"line":41,"column":59}},"41":{"start":{"line":42,"column":0},"end":{"line":42,"column":80}},"42":{"start":{"line":43,"column":0},"end":{"line":43,"column":58}},"43":{"start":{"line":44,"column":0},"end":{"line":44,"column":56}},"44":{"start":{"line":45,"column":0},"end":{"line":45,"column":69}},"45":{"start":{"line":46,"column":0},"end":{"line":46,"column":56}},"46":{"start":{"line":47,"column":0},"end":{"line":47,"column":70}},"47":{"start":{"line":48,"column":0},"end":{"line":48,"column":64}},"48":{"start":{"line":49,"column":0},"end":{"line":49,"column":61}},"49":{"start":{"line":50,"column":0},"end":{"line":50,"column":63}},"50":{"start":{"line":51,"column":0},"end":{"line":51,"column":69}},"51":{"start":{"line":52,"column":0},"end":{"line":52,"column":64}},"52":{"start":{"line":53,"column":0},"end":{"line":53,"column":66}},"53":{"start":{"line":54,"column":0},"end":{"line":54,"column":72}},"54":{"start":{"line":55,"column":0},"end":{"line":55,"column":61}},"55":{"start":{"line":56,"column":0},"end":{"line":56,"column":63}},"56":{"start":{"line":57,"column":0},"end":{"line":57,"column":69}},"57":{"start":{"line":58,"column":0},"end":{"line":58,"column":69}},"58":{"start":{"line":59,"column":0},"end":{"line":59,"column":77}},"59":{"start":{"line":60,"column":0},"end":{"line":60,"column":65}},"60":{"start":{"line":61,"column":0},"end":{"line":61,"column":67}},"61":{"start":{"line":62,"column":0},"end":{"line":62,"column":67}},"62":{"start":{"line":63,"column":0},"end":{"line":63,"column":69}},"63":{"start":{"line":64,"column":0},"end":{"line":64,"column":54}},"64":{"start":{"line":65,"column":0},"end":{"line":65,"column":62}},"65":{"start":{"line":66,"column":0},"end":{"line":66,"column":56}},"66":{"start":{"line":67,"column":0},"end":{"line":67,"column":64}},"67":{"start":{"line":68,"column":0},"end":{"line":68,"column":71}},"68":{"start":{"line":69,"column":0},"end":{"line":69,"column":69}},"69":{"start":{"line":70,"column":0},"end":{"line":70,"column":71}},"70":{"start":{"line":71,"column":0},"end":{"line":71,"column":58}},"71":{"start":{"line":72,"column":0},"end":{"line":72,"column":64}},"72":{"start":{"line":73,"column":0},"end":{"line":73,"column":58}},"73":{"start":{"line":74,"column":0},"end":{"line":74,"column":57}},"74":{"start":{"line":75,"column":0},"end":{"line":75,"column":67}},"75":{"start":{"line":76,"column":0},"end":{"line":76,"column":58}},"76":{"start":{"line":77,"column":0},"end":{"line":77,"column":53}},"77":{"start":{"line":78,"column":0},"end":{"line":78,"column":53}},"78":{"start":{"line":79,"column":0},"end":{"line":79,"column":63}},"79":{"start":{"line":80,"column":0},"end":{"line":80,"column":58}},"80":{"start":{"line":81,"column":0},"end":{"line":81,"column":66}},"81":{"start":{"line":82,"column":0},"end":{"line":82,"column":73}},"82":{"start":{"line":83,"column":0},"end":{"line":83,"column":51}},"83":{"start":{"line":84,"column":0},"end":{"line":84,"column":62}},"84":{"start":{"line":85,"column":0},"end":{"line":85,"column":51}},"85":{"start":{"line":86,"column":0},"end":{"line":86,"column":54}},"86":{"start":{"line":87,"column":0},"end":{"line":87,"column":64}},"87":{"start":{"line":88,"column":0},"end":{"line":88,"column":61}},"88":{"start":{"line":89,"column":0},"end":{"line":89,"column":69}},"89":{"start":{"line":90,"column":0},"end":{"line":90,"column":60}},"90":{"start":{"line":91,"column":0},"end":{"line":91,"column":68}},"91":{"start":{"line":92,"column":0},"end":{"line":92,"column":47}},"92":{"start":{"line":93,"column":0},"end":{"line":93,"column":55}},"93":{"start":{"line":94,"column":0},"end":{"line":94,"column":57}},"94":{"start":{"line":95,"column":0},"end":{"line":95,"column":57}},"95":{"start":{"line":96,"column":0},"end":{"line":96,"column":59}},"96":{"start":{"line":97,"column":0},"end":{"line":97,"column":53}},"97":{"start":{"line":98,"column":0},"end":{"line":98,"column":55}},"98":{"start":{"line":99,"column":0},"end":{"line":99,"column":42}},"99":{"start":{"line":100,"column":0},"end":{"line":100,"column":45}},"100":{"start":{"line":101,"column":0},"end":{"line":101,"column":60}},"101":{"start":{"line":102,"column":0},"end":{"line":102,"column":52}},"102":{"start":{"line":103,"column":0},"end":{"line":103,"column":62}},"103":{"start":{"line":104,"column":0},"end":{"line":104,"column":52}},"104":{"start":{"line":105,"column":0},"end":{"line":105,"column":57}},"105":{"start":{"line":106,"column":0},"end":{"line":106,"column":50}},"106":{"start":{"line":107,"column":0},"end":{"line":107,"column":43}},"107":{"start":{"line":108,"column":0},"end":{"line":108,"column":52}},"108":{"start":{"line":109,"column":0},"end":{"line":109,"column":46}},"109":{"start":{"line":110,"column":0},"end":{"line":110,"column":50}},"110":{"start":{"line":111,"column":0},"end":{"line":111,"column":50}},"111":{"start":{"line":112,"column":0},"end":{"line":112,"column":49}},"112":{"start":{"line":113,"column":0},"end":{"line":113,"column":50}},"113":{"start":{"line":114,"column":0},"end":{"line":114,"column":46}},"114":{"start":{"line":115,"column":0},"end":{"line":115,"column":57}},"115":{"start":{"line":116,"column":0},"end":{"line":116,"column":52}},"116":{"start":{"line":117,"column":0},"end":{"line":117,"column":65}},"117":{"start":{"line":118,"column":0},"end":{"line":118,"column":74}},"118":{"start":{"line":119,"column":0},"end":{"line":119,"column":64}},"119":{"start":{"line":120,"column":0},"end":{"line":120,"column":70}},"120":{"start":{"line":121,"column":0},"end":{"line":121,"column":68}},"121":{"start":{"line":122,"column":0},"end":{"line":122,"column":67}},"122":{"start":{"line":123,"column":0},"end":{"line":123,"column":55}},"123":{"start":{"line":124,"column":0},"end":{"line":124,"column":58}},"124":{"start":{"line":125,"column":0},"end":{"line":125,"column":49}},"125":{"start":{"line":126,"column":0},"end":{"line":126,"column":49}},"126":{"start":{"line":127,"column":0},"end":{"line":127,"column":50}},"127":{"start":{"line":128,"column":0},"end":{"line":128,"column":50}},"128":{"start":{"line":129,"column":0},"end":{"line":129,"column":50}},"129":{"start":{"line":130,"column":0},"end":{"line":130,"column":59}},"130":{"start":{"line":131,"column":0},"end":{"line":131,"column":61}},"131":{"start":{"line":132,"column":0},"end":{"line":132,"column":61}},"132":{"start":{"line":133,"column":0},"end":{"line":133,"column":61}},"133":{"start":{"line":134,"column":0},"end":{"line":134,"column":65}},"134":{"start":{"line":135,"column":0},"end":{"line":135,"column":65}},"135":{"start":{"line":136,"column":0},"end":{"line":136,"column":65}},"136":{"start":{"line":137,"column":0},"end":{"line":137,"column":59}},"137":{"start":{"line":138,"column":0},"end":{"line":138,"column":53}},"138":{"start":{"line":139,"column":0},"end":{"line":139,"column":61}},"139":{"start":{"line":140,"column":0},"end":{"line":140,"column":56}},"140":{"start":{"line":141,"column":0},"end":{"line":141,"column":45}},"141":{"start":{"line":142,"column":0},"end":{"line":142,"column":56}},"142":{"start":{"line":143,"column":0},"end":{"line":143,"column":52}},"143":{"start":{"line":144,"column":0},"end":{"line":144,"column":63}},"144":{"start":{"line":145,"column":0},"end":{"line":145,"column":69}},"145":{"start":{"line":146,"column":0},"end":{"line":146,"column":58}},"146":{"start":{"line":148,"column":13},"end":{"line":295,"column":2}},"147":{"start":{"line":297,"column":0},"end":{"line":297,"column":21}}},"fnMap":{},"branchMap":{},"s":{"0":2,"1":2,"2":2,"3":2,"4":2,"5":2,"6":2,"7":2,"8":2,"9":2,"10":2,"11":2,"12":2,"13":2,"14":2,"15":2,"16":2,"17":2,"18":2,"19":2,"20":2,"21":2,"22":2,"23":2,"24":2,"25":2,"26":2,"27":2,"28":2,"29":2,"30":2,"31":2,"32":2,"33":2,"34":2,"35":2,"36":2,"37":2,"38":2,"39":2,"40":2,"41":2,"42":2,"43":2,"44":2,"45":2,"46":2,"47":2,"48":2,"49":2,"50":2,"51":2,"52":2,"53":2,"54":2,"55":2,"56":2,"57":2,"58":2,"59":2,"60":2,"61":2,"62":2,"63":2,"64":2,"65":2,"66":2,"67":2,"68":2,"69":2,"70":2,"71":2,"72":2,"73":2,"74":2,"75":2,"76":2,"77":2,"78":2,"79":2,"80":2,"81":2,"82":2,"83":2,"84":2,"85":2,"86":2,"87":2,"88":2,"89":2,"90":2,"91":2,"92":2,"93":2,"94":2,"95":2,"96":2,"97":2,"98":2,"99":2,"100":2,"101":2,"102":2,"103":2,"104":2,"105":2,"106":2,"107":2,"108":2,"109":2,"110":2,"111":2,"112":2,"113":2,"114":2,"115":2,"116":2,"117":2,"118":2,"119":2,"120":2,"121":2,"122":2,"123":2,"124":2,"125":2,"126":2,"127":2,"128":2,"129":2,"130":2,"131":2,"132":2,"133":2,"134":2,"135":2,"136":2,"137":2,"138":2,"139":2,"140":2,"141":2,"142":2,"143":2,"144":2,"145":2,"146":2,"147":2},"f":{},"b":{}}
,"C:\\WePlan\\pec-conv-wdc\\src\\Constants\\index.tsx": {"path":"C:\\WePlan\\pec-conv-wdc\\src\\Constants\\index.tsx","statementMap":{"0":{"start":{"line":1,"column":13},"end":{"line":105,"column":2}},"1":{"start":{"line":107,"column":13},"end":{"line":110,"column":2}},"2":{"start":{"line":112,"column":13},"end":{"line":113,"column":67}},"3":{"start":{"line":115,"column":13},"end":{"line":116,"column":66}},"4":{"start":{"line":118,"column":13},"end":{"line":122,"column":2}},"5":{"start":{"line":124,"column":13},"end":{"line":129,"column":2}},"6":{"start":{"line":131,"column":13},"end":{"line":135,"column":2}},"7":{"start":{"line":137,"column":13},"end":{"line":140,"column":2}},"8":{"start":{"line":142,"column":13},"end":{"line":146,"column":2}},"9":{"start":{"line":148,"column":13},"end":{"line":183,"column":2}},"10":{"start":{"line":185,"column":13},"end":{"line":189,"column":2}},"11":{"start":{"line":191,"column":13},"end":{"line":194,"column":2}},"12":{"start":{"line":196,"column":13},"end":{"line":199,"column":2}},"13":{"start":{"line":198,"column":8},"end":{"line":198,"column":null}},"14":{"start":{"line":201,"column":13},"end":{"line":201,"column":null}}},"fnMap":{"0":{"name":"(anonymous_0)","decl":{"start":{"line":197,"column":23},"end":{"line":197,"column":24}},"loc":{"start":{"line":197,"column":38},"end":{"line":198,"column":67}}}},"branchMap":{},"s":{"0":2,"1":2,"2":2,"3":2,"4":2,"5":2,"6":2,"7":2,"8":2,"9":2,"10":2,"11":2,"12":2,"13":0,"14":2},"f":{"0":0},"b":{}}
,"C:\\WePlan\\pec-conv-wdc\\src\\Styles\\button\\index.tsx": {"path":"C:\\WePlan\\pec-conv-wdc\\src\\Styles\\button\\index.tsx","statementMap":{"0":{"start":{"line":1,"column":0},"end":{"line":1,"column":39}},"1":{"start":{"line":2,"column":0},"end":{"line":2,"column":41}},"2":{"start":{"line":23,"column":13},"end":{"line":111,"column":null}},"3":{"start":{"line":25,"column":23},"end":{"line":25,"column":null}},"4":{"start":{"line":26,"column":28},"end":{"line":26,"column":null}},"5":{"start":{"line":28,"column":23},"end":{"line":28,"column":null}},"6":{"start":{"line":32,"column":15},"end":{"line":32,"column":null}},"7":{"start":{"line":34,"column":22},"end":{"line":34,"column":null}},"8":{"start":{"line":35,"column":22},"end":{"line":35,"column":null}},"9":{"start":{"line":38,"column":8},"end":{"line":45,"column":null}},"10":{"start":{"line":47,"column":8},"end":{"line":54,"column":null}},"11":{"start":{"line":56,"column":8},"end":{"line":63,"column":null}},"12":{"start":{"line":65,"column":8},"end":{"line":75,"column":null}},"13":{"start":{"line":77,"column":8},"end":{"line":87,"column":null}},"14":{"start":{"line":89,"column":8},"end":{"line":99,"column":null}},"15":{"start":{"line":101,"column":8},"end":{"line":111,"column":null}}},"fnMap":{"0":{"name":"(anonymous_2)","decl":{"start":{"line":25,"column":14},"end":{"line":25,"column":19}},"loc":{"start":{"line":25,"column":19},"end":{"line":25,"column":28}}},"1":{"name":"(anonymous_3)","decl":{"start":{"line":26,"column":19},"end":{"line":26,"column":24}},"loc":{"start":{"line":26,"column":24},"end":{"line":26,"column":33}}},"2":{"name":"(anonymous_4)","decl":{"start":{"line":28,"column":14},"end":{"line":28,"column":19}},"loc":{"start":{"line":28,"column":19},"end":{"line":28,"column":24}}},"3":{"name":"(anonymous_5)","decl":{"start":{"line":32,"column":6},"end":{"line":32,"column":11}},"loc":{"start":{"line":32,"column":11},"end":{"line":32,"column":20}}},"4":{"name":"(anonymous_6)","decl":{"start":{"line":34,"column":13},"end":{"line":34,"column":18}},"loc":{"start":{"line":34,"column":18},"end":{"line":34,"column":27}}},"5":{"name":"(anonymous_7)","decl":{"start":{"line":35,"column":13},"end":{"line":35,"column":18}},"loc":{"start":{"line":35,"column":18},"end":{"line":35,"column":27}}},"6":{"name":"(anonymous_8)","decl":{"start":{"line":37,"column":6},"end":{"line":37,"column":11}},"loc":{"start":{"line":37,"column":11},"end":{"line":38,"column":13}}},"7":{"name":"(anonymous_9)","decl":{"start":{"line":46,"column":6},"end":{"line":46,"column":11}},"loc":{"start":{"line":46,"column":11},"end":{"line":47,"column":13}}},"8":{"name":"(anonymous_10)","decl":{"start":{"line":55,"column":6},"end":{"line":55,"column":11}},"loc":{"start":{"line":55,"column":11},"end":{"line":56,"column":13}}},"9":{"name":"(anonymous_11)","decl":{"start":{"line":64,"column":6},"end":{"line":64,"column":11}},"loc":{"start":{"line":64,"column":11},"end":{"line":65,"column":13}}},"10":{"name":"(anonymous_12)","decl":{"start":{"line":76,"column":6},"end":{"line":76,"column":11}},"loc":{"start":{"line":76,"column":11},"end":{"line":77,"column":13}}},"11":{"name":"(anonymous_13)","decl":{"start":{"line":88,"column":6},"end":{"line":88,"column":11}},"loc":{"start":{"line":88,"column":11},"end":{"line":89,"column":13}}},"12":{"name":"(anonymous_14)","decl":{"start":{"line":100,"column":6},"end":{"line":100,"column":11}},"loc":{"start":{"line":100,"column":11},"end":{"line":101,"column":13}}}},"branchMap":{"0":{"loc":{"start":{"line":23,"column":35},"end":{"line":112,"column":2}},"type":"binary-expr","locations":[{"start":{"line":23,"column":35},"end":{"line":23,"column":52}},{"start":{"line":23,"column":35},"end":{"line":112,"column":2}}]},"1":{"loc":{"start":{"line":25,"column":23},"end":{"line":25,"column":45}},"type":"binary-expr","locations":[{"start":{"line":25,"column":23},"end":{"line":25,"column":35}},{"start":{"line":25,"column":39},"end":{"line":25,"column":45}}]},"2":{"loc":{"start":{"line":26,"column":28},"end":{"line":26,"column":50}},"type":"binary-expr","locations":[{"start":{"line":26,"column":28},"end":{"line":26,"column":40}},{"start":{"line":26,"column":44},"end":{"line":26,"column":50}}]},"3":{"loc":{"start":{"line":28,"column":24},"end":{"line":28,"column":62}},"type":"cond-expr","locations":[{"start":{"line":28,"column":41},"end":{"line":28,"column":50}},{"start":{"line":28,"column":53},"end":{"line":28,"column":62}}]},"4":{"loc":{"start":{"line":38,"column":8},"end":{"line":43,"column":null}},"type":"binary-expr","locations":[{"start":{"line":38,"column":8},"end":{"line":38,"column":38}},{"start":{"line":39,"column":8},"end":{"line":43,"column":null}}]},"5":{"loc":{"start":{"line":47,"column":8},"end":{"line":52,"column":null}},"type":"binary-expr","locations":[{"start":{"line":47,"column":8},"end":{"line":47,"column":40}},{"start":{"line":48,"column":8},"end":{"line":52,"column":null}}]},"6":{"loc":{"start":{"line":56,"column":8},"end":{"line":61,"column":null}},"type":"binary-expr","locations":[{"start":{"line":56,"column":8},"end":{"line":56,"column":37}},{"start":{"line":57,"column":8},"end":{"line":61,"column":null}}]},"7":{"loc":{"start":{"line":65,"column":8},"end":{"line":73,"column":null}},"type":"binary-expr","locations":[{"start":{"line":65,"column":8},"end":{"line":65,"column":38}},{"start":{"line":66,"column":8},"end":{"line":66,"column":21}},{"start":{"line":67,"column":8},"end":{"line":73,"column":null}}]},"8":{"loc":{"start":{"line":77,"column":8},"end":{"line":85,"column":null}},"type":"binary-expr","locations":[{"start":{"line":77,"column":8},"end":{"line":77,"column":40}},{"start":{"line":78,"column":8},"end":{"line":78,"column":21}},{"start":{"line":79,"column":8},"end":{"line":85,"column":null}}]},"9":{"loc":{"start":{"line":89,"column":8},"end":{"line":97,"column":null}},"type":"binary-expr","locations":[{"start":{"line":89,"column":8},"end":{"line":89,"column":37}},{"start":{"line":90,"column":8},"end":{"line":90,"column":21}},{"start":{"line":91,"column":8},"end":{"line":97,"column":null}}]},"10":{"loc":{"start":{"line":101,"column":8},"end":{"line":109,"column":null}},"type":"binary-expr","locations":[{"start":{"line":101,"column":8},"end":{"line":101,"column":22}},{"start":{"line":102,"column":8},"end":{"line":109,"column":null}}]}},"s":{"0":1,"1":1,"2":1,"3":8,"4":8,"5":8,"6":8,"7":8,"8":8,"9":8,"10":8,"11":8,"12":8,"13":8,"14":8,"15":8},"f":{"0":8,"1":8,"2":8,"3":8,"4":8,"5":8,"6":8,"7":8,"8":8,"9":8,"10":8,"11":8,"12":8},"b":{"0":[1,1],"1":[8,8],"2":[8,8],"3":[1,7],"4":[8,2],"5":[8,1],"6":[8,2],"7":[8,2,1],"8":[8,1,1],"9":[8,2,1],"10":[8,1]}}
,"C:\\WePlan\\pec-conv-wdc\\src\\Styles\\labelWithContent\\index.tsx": {"path":"C:\\WePlan\\pec-conv-wdc\\src\\Styles\\labelWithContent\\index.tsx","statementMap":{"0":{"start":{"line":1,"column":0},"end":{"line":1,"column":39}},"1":{"start":{"line":3,"column":0},"end":{"line":3,"column":39}},"2":{"start":{"line":5,"column":13},"end":{"line":12,"column":null}},"3":{"start":{"line":7,"column":22},"end":{"line":7,"column":null}},"4":{"start":{"line":11,"column":27},"end":{"line":11,"column":null}},"5":{"start":{"line":12,"column":15},"end":{"line":12,"column":null}},"6":{"start":{"line":24,"column":13},"end":{"line":31,"column":null}},"7":{"start":{"line":26,"column":22},"end":{"line":26,"column":null}},"8":{"start":{"line":27,"column":26},"end":{"line":27,"column":null}},"9":{"start":{"line":28,"column":27},"end":{"line":28,"column":null}},"10":{"start":{"line":29,"column":15},"end":{"line":29,"column":null}},"11":{"start":{"line":31,"column":8},"end":{"line":31,"column":null}},"12":{"start":{"line":45,"column":13},"end":{"line":53,"column":null}},"13":{"start":{"line":47,"column":24},"end":{"line":47,"column":null}},"14":{"start":{"line":48,"column":22},"end":{"line":48,"column":null}},"15":{"start":{"line":51,"column":26},"end":{"line":51,"column":null}},"16":{"start":{"line":52,"column":28},"end":{"line":52,"column":null}},"17":{"start":{"line":53,"column":23},"end":{"line":53,"column":null}}},"fnMap":{"0":{"name":"(anonymous_2)","decl":{"start":{"line":7,"column":13},"end":{"line":7,"column":18}},"loc":{"start":{"line":7,"column":18},"end":{"line":7,"column":23}}},"1":{"name":"(anonymous_3)","decl":{"start":{"line":11,"column":18},"end":{"line":11,"column":23}},"loc":{"start":{"line":11,"column":23},"end":{"line":11,"column":28}}},"2":{"name":"(anonymous_4)","decl":{"start":{"line":12,"column":6},"end":{"line":12,"column":11}},"loc":{"start":{"line":12,"column":11},"end":{"line":12,"column":16}}},"3":{"name":"(anonymous_5)","decl":{"start":{"line":26,"column":13},"end":{"line":26,"column":18}},"loc":{"start":{"line":26,"column":18},"end":{"line":26,"column":27}}},"4":{"name":"(anonymous_6)","decl":{"start":{"line":27,"column":17},"end":{"line":27,"column":22}},"loc":{"start":{"line":27,"column":22},"end":{"line":27,"column":27}}},"5":{"name":"(anonymous_7)","decl":{"start":{"line":28,"column":18},"end":{"line":28,"column":23}},"loc":{"start":{"line":28,"column":23},"end":{"line":28,"column":28}}},"6":{"name":"(anonymous_8)","decl":{"start":{"line":29,"column":6},"end":{"line":29,"column":11}},"loc":{"start":{"line":29,"column":11},"end":{"line":29,"column":16}}},"7":{"name":"(anonymous_9)","decl":{"start":{"line":30,"column":19},"end":{"line":30,"column":24}},"loc":{"start":{"line":30,"column":24},"end":{"line":31,"column":13}}},"8":{"name":"(anonymous_10)","decl":{"start":{"line":47,"column":15},"end":{"line":47,"column":20}},"loc":{"start":{"line":47,"column":20},"end":{"line":47,"column":29}}},"9":{"name":"(anonymous_11)","decl":{"start":{"line":48,"column":13},"end":{"line":48,"column":18}},"loc":{"start":{"line":48,"column":18},"end":{"line":48,"column":23}}},"10":{"name":"(anonymous_12)","decl":{"start":{"line":51,"column":17},"end":{"line":51,"column":22}},"loc":{"start":{"line":51,"column":22},"end":{"line":51,"column":27}}},"11":{"name":"(anonymous_13)","decl":{"start":{"line":52,"column":19},"end":{"line":52,"column":24}},"loc":{"start":{"line":52,"column":24},"end":{"line":52,"column":29}}},"12":{"name":"(anonymous_14)","decl":{"start":{"line":53,"column":14},"end":{"line":53,"column":19}},"loc":{"start":{"line":53,"column":19},"end":{"line":53,"column":24}}}},"branchMap":{"0":{"loc":{"start":{"line":5,"column":45},"end":{"line":13,"column":2}},"type":"binary-expr","locations":[{"start":{"line":5,"column":45},"end":{"line":5,"column":72}},{"start":{"line":5,"column":45},"end":{"line":13,"column":2}}]},"1":{"loc":{"start":{"line":7,"column":23},"end":{"line":7,"column":75}},"type":"cond-expr","locations":[{"start":{"line":7,"column":45},"end":{"line":7,"column":63}},{"start":{"line":7,"column":66},"end":{"line":7,"column":75}}]},"2":{"loc":{"start":{"line":7,"column":23},"end":{"line":7,"column":42}},"type":"cond-expr","locations":[{"start":{"line":7,"column":28},"end":{"line":7,"column":30}},{"start":{"line":7,"column":23},"end":{"line":7,"column":42}}]},"3":{"loc":{"start":{"line":7,"column":23},"end":{"line":7,"column":30}},"type":"binary-expr","locations":[{"start":{"line":7,"column":23},"end":{"line":7,"column":30}},{"start":{"line":7,"column":23},"end":{"line":7,"column":30}}]},"4":{"loc":{"start":{"line":11,"column":28},"end":{"line":11,"column":71}},"type":"cond-expr","locations":[{"start":{"line":11,"column":47},"end":{"line":11,"column":62}},{"start":{"line":11,"column":65},"end":{"line":11,"column":71}}]},"5":{"loc":{"start":{"line":11,"column":28},"end":{"line":11,"column":44}},"type":"cond-expr","locations":[{"start":{"line":11,"column":33},"end":{"line":11,"column":35}},{"start":{"line":11,"column":28},"end":{"line":11,"column":44}}]},"6":{"loc":{"start":{"line":11,"column":28},"end":{"line":11,"column":35}},"type":"binary-expr","locations":[{"start":{"line":11,"column":28},"end":{"line":11,"column":35}},{"start":{"line":11,"column":28},"end":{"line":11,"column":35}}]},"7":{"loc":{"start":{"line":12,"column":16},"end":{"line":12,"column":50}},"type":"binary-expr","locations":[{"start":{"line":12,"column":16},"end":{"line":12,"column":32}},{"start":{"line":12,"column":36},"end":{"line":12,"column":50}}]},"8":{"loc":{"start":{"line":12,"column":16},"end":{"line":12,"column":32}},"type":"cond-expr","locations":[{"start":{"line":12,"column":21},"end":{"line":12,"column":23}},{"start":{"line":12,"column":16},"end":{"line":12,"column":32}}]},"9":{"loc":{"start":{"line":12,"column":16},"end":{"line":12,"column":23}},"type":"binary-expr","locations":[{"start":{"line":12,"column":16},"end":{"line":12,"column":23}},{"start":{"line":12,"column":16},"end":{"line":12,"column":23}}]},"10":{"loc":{"start":{"line":24,"column":40},"end":{"line":32,"column":2}},"type":"binary-expr","locations":[{"start":{"line":24,"column":40},"end":{"line":24,"column":56}},{"start":{"line":24,"column":40},"end":{"line":32,"column":2}}]},"11":{"loc":{"start":{"line":26,"column":22},"end":{"line":26,"column":55}},"type":"binary-expr","locations":[{"start":{"line":26,"column":22},"end":{"line":26,"column":33}},{"start":{"line":26,"column":37},"end":{"line":26,"column":55}}]},"12":{"loc":{"start":{"line":27,"column":27},"end":{"line":27,"column":71}},"type":"cond-expr","locations":[{"start":{"line":27,"column":46},"end":{"line":27,"column":62}},{"start":{"line":27,"column":65},"end":{"line":27,"column":71}}]},"13":{"loc":{"start":{"line":27,"column":27},"end":{"line":27,"column":43}},"type":"cond-expr","locations":[{"start":{"line":27,"column":32},"end":{"line":27,"column":34}},{"start":{"line":27,"column":27},"end":{"line":27,"column":43}}]},"14":{"loc":{"start":{"line":27,"column":27},"end":{"line":27,"column":34}},"type":"binary-expr","locations":[{"start":{"line":27,"column":27},"end":{"line":27,"column":34}},{"start":{"line":27,"column":27},"end":{"line":27,"column":34}}]},"15":{"loc":{"start":{"line":27,"column":46},"end":{"line":27,"column":62}},"type":"cond-expr","locations":[{"start":{"line":27,"column":51},"end":{"line":27,"column":53}},{"start":{"line":27,"column":46},"end":{"line":27,"column":62}}]},"16":{"loc":{"start":{"line":27,"column":46},"end":{"line":27,"column":53}},"type":"binary-expr","locations":[{"start":{"line":27,"column":46},"end":{"line":27,"column":53}},{"start":{"line":27,"column":46},"end":{"line":27,"column":53}}]},"17":{"loc":{"start":{"line":28,"column":28},"end":{"line":28,"column":71}},"type":"cond-expr","locations":[{"start":{"line":28,"column":47},"end":{"line":28,"column":62}},{"start":{"line":28,"column":65},"end":{"line":28,"column":71}}]},"18":{"loc":{"start":{"line":28,"column":28},"end":{"line":28,"column":44}},"type":"cond-expr","locations":[{"start":{"line":28,"column":33},"end":{"line":28,"column":35}},{"start":{"line":28,"column":28},"end":{"line":28,"column":44}}]},"19":{"loc":{"start":{"line":28,"column":28},"end":{"line":28,"column":35}},"type":"binary-expr","locations":[{"start":{"line":28,"column":28},"end":{"line":28,"column":35}},{"start":{"line":28,"column":28},"end":{"line":28,"column":35}}]},"20":{"loc":{"start":{"line":29,"column":16},"end":{"line":29,"column":66}},"type":"cond-expr","locations":[{"start":{"line":29,"column":47},"end":{"line":29,"column":61}},{"start":{"line":29,"column":64},"end":{"line":29,"column":66}}]},"21":{"loc":{"start":{"line":29,"column":16},"end":{"line":29,"column":32}},"type":"cond-expr","locations":[{"start":{"line":29,"column":21},"end":{"line":29,"column":23}},{"start":{"line":29,"column":16},"end":{"line":29,"column":32}}]},"22":{"loc":{"start":{"line":29,"column":16},"end":{"line":29,"column":23}},"type":"binary-expr","locations":[{"start":{"line":29,"column":16},"end":{"line":29,"column":23}},{"start":{"line":29,"column":16},"end":{"line":29,"column":23}}]},"23":{"loc":{"start":{"line":31,"column":8},"end":{"line":31,"column":61}},"type":"cond-expr","locations":[{"start":{"line":31,"column":32},"end":{"line":31,"column":53}},{"start":{"line":31,"column":56},"end":{"line":31,"column":61}}]},"24":{"loc":{"start":{"line":45,"column":42},"end":{"line":55,"column":2}},"type":"binary-expr","locations":[{"start":{"line":45,"column":42},"end":{"line":45,"column":60}},{"start":{"line":45,"column":42},"end":{"line":55,"column":2}}]},"25":{"loc":{"start":{"line":47,"column":24},"end":{"line":47,"column":38}},"type":"cond-expr","locations":[{"start":{"line":47,"column":29},"end":{"line":47,"column":31}},{"start":{"line":47,"column":24},"end":{"line":47,"column":38}}]},"26":{"loc":{"start":{"line":47,"column":24},"end":{"line":47,"column":31}},"type":"binary-expr","locations":[{"start":{"line":47,"column":24},"end":{"line":47,"column":31}},{"start":{"line":47,"column":24},"end":{"line":47,"column":31}}]},"27":{"loc":{"start":{"line":48,"column":23},"end":{"line":48,"column":61}},"type":"cond-expr","locations":[{"start":{"line":48,"column":38},"end":{"line":48,"column":49}},{"start":{"line":48,"column":52},"end":{"line":48,"column":61}}]},"28":{"loc":{"start":{"line":48,"column":23},"end":{"line":48,"column":35}},"type":"cond-expr","locations":[{"start":{"line":48,"column":28},"end":{"line":48,"column":30}},{"start":{"line":48,"column":23},"end":{"line":48,"column":35}}]},"29":{"loc":{"start":{"line":48,"column":23},"end":{"line":48,"column":30}},"type":"binary-expr","locations":[{"start":{"line":48,"column":23},"end":{"line":48,"column":30}},{"start":{"line":48,"column":23},"end":{"line":48,"column":30}}]},"30":{"loc":{"start":{"line":51,"column":27},"end":{"line":51,"column":75}},"type":"cond-expr","locations":[{"start":{"line":51,"column":48},"end":{"line":51,"column":66}},{"start":{"line":51,"column":69},"end":{"line":51,"column":75}}]},"31":{"loc":{"start":{"line":51,"column":27},"end":{"line":51,"column":45}},"type":"cond-expr","locations":[{"start":{"line":51,"column":32},"end":{"line":51,"column":34}},{"start":{"line":51,"column":27},"end":{"line":51,"column":45}}]},"32":{"loc":{"start":{"line":51,"column":27},"end":{"line":51,"column":34}},"type":"binary-expr","locations":[{"start":{"line":51,"column":27},"end":{"line":51,"column":34}},{"start":{"line":51,"column":27},"end":{"line":51,"column":34}}]},"33":{"loc":{"start":{"line":51,"column":48},"end":{"line":51,"column":66}},"type":"cond-expr","locations":[{"start":{"line":51,"column":53},"end":{"line":51,"column":55}},{"start":{"line":51,"column":48},"end":{"line":51,"column":66}}]},"34":{"loc":{"start":{"line":51,"column":48},"end":{"line":51,"column":55}},"type":"binary-expr","locations":[{"start":{"line":51,"column":48},"end":{"line":51,"column":55}},{"start":{"line":51,"column":48},"end":{"line":51,"column":55}}]},"35":{"loc":{"start":{"line":52,"column":29},"end":{"line":52,"column":78}},"type":"cond-expr","locations":[{"start":{"line":52,"column":52},"end":{"line":52,"column":72}},{"start":{"line":52,"column":75},"end":{"line":52,"column":78}}]},"36":{"loc":{"start":{"line":52,"column":29},"end":{"line":52,"column":49}},"type":"cond-expr","locations":[{"start":{"line":52,"column":34},"end":{"line":52,"column":36}},{"start":{"line":52,"column":29},"end":{"line":52,"column":49}}]},"37":{"loc":{"start":{"line":52,"column":29},"end":{"line":52,"column":36}},"type":"binary-expr","locations":[{"start":{"line":52,"column":29},"end":{"line":52,"column":36}},{"start":{"line":52,"column":29},"end":{"line":52,"column":36}}]},"38":{"loc":{"start":{"line":52,"column":52},"end":{"line":52,"column":72}},"type":"cond-expr","locations":[{"start":{"line":52,"column":57},"end":{"line":52,"column":59}},{"start":{"line":52,"column":52},"end":{"line":52,"column":72}}]},"39":{"loc":{"start":{"line":52,"column":52},"end":{"line":52,"column":59}},"type":"binary-expr","locations":[{"start":{"line":52,"column":52},"end":{"line":52,"column":59}},{"start":{"line":52,"column":52},"end":{"line":52,"column":59}}]},"40":{"loc":{"start":{"line":53,"column":24},"end":{"line":53,"column":76}},"type":"cond-expr","locations":[{"start":{"line":53,"column":47},"end":{"line":53,"column":67}},{"start":{"line":53,"column":70},"end":{"line":53,"column":76}}]},"41":{"loc":{"start":{"line":53,"column":24},"end":{"line":53,"column":44}},"type":"cond-expr","locations":[{"start":{"line":53,"column":29},"end":{"line":53,"column":31}},{"start":{"line":53,"column":24},"end":{"line":53,"column":44}}]},"42":{"loc":{"start":{"line":53,"column":24},"end":{"line":53,"column":31}},"type":"binary-expr","locations":[{"start":{"line":53,"column":24},"end":{"line":53,"column":31}},{"start":{"line":53,"column":24},"end":{"line":53,"column":31}}]},"43":{"loc":{"start":{"line":53,"column":47},"end":{"line":53,"column":67}},"type":"cond-expr","locations":[{"start":{"line":53,"column":52},"end":{"line":53,"column":54}},{"start":{"line":53,"column":47},"end":{"line":53,"column":67}}]},"44":{"loc":{"start":{"line":53,"column":47},"end":{"line":53,"column":54}},"type":"binary-expr","locations":[{"start":{"line":53,"column":47},"end":{"line":53,"column":54}},{"start":{"line":53,"column":47},"end":{"line":53,"column":54}}]}},"s":{"0":1,"1":1,"2":1,"3":0,"4":0,"5":0,"6":1,"7":1,"8":1,"9":1,"10":1,"11":1,"12":1,"13":2,"14":2,"15":2,"16":2,"17":2},"f":{"0":0,"1":0,"2":0,"3":1,"4":1,"5":1,"6":1,"7":1,"8":2,"9":2,"10":2,"11":2,"12":2},"b":{"0":[1,1],"1":[0,0],"2":[0,0],"3":[0,0],"4":[0,0],"5":[0,0],"6":[0,0],"7":[0,0],"8":[0,0],"9":[0,0],"10":[1,1],"11":[1,0],"12":[0,1],"13":[0,1],"14":[1,1],"15":[0,0],"16":[0,0],"17":[0,1],"18":[0,1],"19":[1,1],"20":[0,1],"21":[0,1],"22":[1,1],"23":[1,0],"24":[1,1],"25":[0,2],"26":[2,2],"27":[2,0],"28":[0,2],"29":[2,2],"30":[1,1],"31":[0,2],"32":[2,2],"33":[0,1],"34":[1,1],"35":[0,2],"36":[0,2],"37":[2,2],"38":[0,0],"39":[0,0],"40":[0,2],"41":[0,2],"42":[2,2],"43":[0,0],"44":[0,0]}}
,"C:\\WePlan\\pec-conv-wdc\\src\\Styles\\media\\index.tsx": {"path":"C:\\WePlan\\pec-conv-wdc\\src\\Styles\\media\\index.tsx","statementMap":{"0":{"start":{"line":2,"column":0},"end":{"line":2,"column":39}},"1":{"start":{"line":21,"column":13},"end":{"line":42,"column":null}},"2":{"start":{"line":22,"column":24},"end":{"line":22,"column":null}},"3":{"start":{"line":23,"column":23},"end":{"line":23,"column":null}},"4":{"start":{"line":24,"column":23},"end":{"line":24,"column":null}},"5":{"start":{"line":25,"column":22},"end":{"line":25,"column":null}},"6":{"start":{"line":26,"column":33},"end":{"line":26,"column":null}},"7":{"start":{"line":28,"column":8},"end":{"line":31,"column":null}},"8":{"start":{"line":33,"column":8},"end":{"line":39,"column":null}},"9":{"start":{"line":41,"column":15},"end":{"line":41,"column":null}},"10":{"start":{"line":42,"column":15},"end":{"line":42,"column":null}}},"fnMap":{"0":{"name":"(anonymous_2)","decl":{"start":{"line":22,"column":15},"end":{"line":22,"column":20}},"loc":{"start":{"line":22,"column":20},"end":{"line":22,"column":29}}},"1":{"name":"(anonymous_3)","decl":{"start":{"line":23,"column":14},"end":{"line":23,"column":19}},"loc":{"start":{"line":23,"column":19},"end":{"line":23,"column":28}}},"2":{"name":"(anonymous_4)","decl":{"start":{"line":24,"column":14},"end":{"line":24,"column":19}},"loc":{"start":{"line":24,"column":19},"end":{"line":24,"column":28}}},"3":{"name":"(anonymous_5)","decl":{"start":{"line":25,"column":13},"end":{"line":25,"column":18}},"loc":{"start":{"line":25,"column":18},"end":{"line":25,"column":27}}},"4":{"name":"(anonymous_6)","decl":{"start":{"line":26,"column":24},"end":{"line":26,"column":29}},"loc":{"start":{"line":26,"column":29},"end":{"line":26,"column":38}}},"5":{"name":"(anonymous_7)","decl":{"start":{"line":27,"column":6},"end":{"line":27,"column":11}},"loc":{"start":{"line":27,"column":11},"end":{"line":28,"column":13}}},"6":{"name":"(anonymous_8)","decl":{"start":{"line":32,"column":6},"end":{"line":32,"column":11}},"loc":{"start":{"line":32,"column":11},"end":{"line":33,"column":13}}},"7":{"name":"(anonymous_9)","decl":{"start":{"line":41,"column":6},"end":{"line":41,"column":11}},"loc":{"start":{"line":41,"column":11},"end":{"line":41,"column":16}}},"8":{"name":"(anonymous_10)","decl":{"start":{"line":42,"column":6},"end":{"line":42,"column":11}},"loc":{"start":{"line":42,"column":11},"end":{"line":42,"column":20}}}},"branchMap":{"0":{"loc":{"start":{"line":21,"column":34},"end":{"line":43,"column":2}},"type":"binary-expr","locations":[{"start":{"line":21,"column":34},"end":{"line":21,"column":50}},{"start":{"line":21,"column":34},"end":{"line":43,"column":2}}]},"1":{"loc":{"start":{"line":28,"column":8},"end":{"line":29,"column":null}},"type":"binary-expr","locations":[{"start":{"line":28,"column":8},"end":{"line":28,"column":20}},{"start":{"line":29,"column":8},"end":{"line":29,"column":null}}]},"2":{"loc":{"start":{"line":33,"column":8},"end":{"line":36,"column":null}},"type":"binary-expr","locations":[{"start":{"line":33,"column":8},"end":{"line":33,"column":24}},{"start":{"line":34,"column":8},"end":{"line":36,"column":null}}]},"3":{"loc":{"start":{"line":41,"column":16},"end":{"line":41,"column":75}},"type":"cond-expr","locations":[{"start":{"line":41,"column":32},"end":{"line":41,"column":49}},{"start":{"line":41,"column":52},"end":{"line":41,"column":75}}]}},"s":{"0":2,"1":2,"2":7,"3":7,"4":7,"5":7,"6":7,"7":7,"8":7,"9":7,"10":7},"f":{"0":7,"1":7,"2":7,"3":7,"4":7,"5":7,"6":7,"7":7,"8":7},"b":{"0":[2,2],"1":[7,1],"2":[7,1],"3":[0,7]}}
,"C:\\WePlan\\pec-conv-wdc\\src\\Styles\\title\\index.tsx": {"path":"C:\\WePlan\\pec-conv-wdc\\src\\Styles\\title\\index.tsx","statementMap":{"0":{"start":{"line":2,"column":0},"end":{"line":2,"column":39}},"1":{"start":{"line":18,"column":13},"end":{"line":39,"column":null}},"2":{"start":{"line":32,"column":28},"end":{"line":32,"column":null}},"3":{"start":{"line":33,"column":22},"end":{"line":33,"column":null}},"4":{"start":{"line":34,"column":26},"end":{"line":34,"column":null}},"5":{"start":{"line":35,"column":27},"end":{"line":35,"column":null}},"6":{"start":{"line":36,"column":24},"end":{"line":36,"column":null}},"7":{"start":{"line":37,"column":23},"end":{"line":37,"column":null}},"8":{"start":{"line":38,"column":33},"end":{"line":38,"column":null}},"9":{"start":{"line":39,"column":15},"end":{"line":39,"column":null}}},"fnMap":{"0":{"name":"(anonymous_2)","decl":{"start":{"line":32,"column":19},"end":{"line":32,"column":24}},"loc":{"start":{"line":32,"column":24},"end":{"line":32,"column":33}}},"1":{"name":"(anonymous_3)","decl":{"start":{"line":33,"column":13},"end":{"line":33,"column":18}},"loc":{"start":{"line":33,"column":18},"end":{"line":33,"column":27}}},"2":{"name":"(anonymous_4)","decl":{"start":{"line":34,"column":17},"end":{"line":34,"column":22}},"loc":{"start":{"line":34,"column":22},"end":{"line":34,"column":31}}},"3":{"name":"(anonymous_5)","decl":{"start":{"line":35,"column":18},"end":{"line":35,"column":23}},"loc":{"start":{"line":35,"column":23},"end":{"line":35,"column":32}}},"4":{"name":"(anonymous_6)","decl":{"start":{"line":36,"column":15},"end":{"line":36,"column":20}},"loc":{"start":{"line":36,"column":20},"end":{"line":36,"column":29}}},"5":{"name":"(anonymous_7)","decl":{"start":{"line":37,"column":14},"end":{"line":37,"column":19}},"loc":{"start":{"line":37,"column":19},"end":{"line":37,"column":28}}},"6":{"name":"(anonymous_8)","decl":{"start":{"line":38,"column":24},"end":{"line":38,"column":29}},"loc":{"start":{"line":38,"column":29},"end":{"line":38,"column":38}}},"7":{"name":"(anonymous_9)","decl":{"start":{"line":39,"column":6},"end":{"line":39,"column":11}},"loc":{"start":{"line":39,"column":11},"end":{"line":39,"column":20}}}},"branchMap":{"0":{"loc":{"start":{"line":18,"column":54},"end":{"line":40,"column":2}},"type":"binary-expr","locations":[{"start":{"line":18,"column":54},"end":{"line":18,"column":null}},{"start":{"line":18,"column":54},"end":{"line":40,"column":2}}]}},"s":{"0":1,"1":1,"2":1,"3":1,"4":1,"5":1,"6":1,"7":1,"8":1,"9":1},"f":{"0":1,"1":1,"2":1,"3":1,"4":1,"5":1,"6":1,"7":1},"b":{"0":[1,1]}}
,"C:\\WePlan\\pec-conv-wdc\\src\\img\\loginWait.jpg": {"path":"C:\\WePlan\\pec-conv-wdc\\src\\img\\loginWait.jpg","statementMap":{"0":{"start":{"line":1,"column":0},"end":{"line":1,"column":33}}},"fnMap":{},"branchMap":{},"s":{"0":2},"f":{},"b":{},"inputSourceMap":null,"_coverageSchema":"1a1c01bbd47fc00a2c39e90264f33305004495a9","hash":"9bf64be97ba029df0bf021981ae89cc6286eada1"}
,"C:\\WePlan\\pec-conv-wdc\\src\\img\\icons\\account.svg": {"path":"C:\\WePlan\\pec-conv-wdc\\src\\img\\icons\\account.svg","statementMap":{"0":{"start":{"line":1,"column":0},"end":{"line":1,"column":31}}},"fnMap":{},"branchMap":{},"s":{"0":2},"f":{},"b":{},"inputSourceMap":null,"_coverageSchema":"1a1c01bbd47fc00a2c39e90264f33305004495a9","hash":"d270563edd46a5828dad788e83f42b28090d198b"}
,"C:\\WePlan\\pec-conv-wdc\\src\\img\\icons\\adviser.svg": {"path":"C:\\WePlan\\pec-conv-wdc\\src\\img\\icons\\adviser.svg","statementMap":{"0":{"start":{"line":1,"column":0},"end":{"line":1,"column":31}}},"fnMap":{},"branchMap":{},"s":{"0":2},"f":{},"b":{},"inputSourceMap":null,"_coverageSchema":"1a1c01bbd47fc00a2c39e90264f33305004495a9","hash":"56b77b1f1ed4515becf29352403492693e4fbc34"}
,"C:\\WePlan\\pec-conv-wdc\\src\\img\\icons\\argentina.svg": {"path":"C:\\WePlan\\pec-conv-wdc\\src\\img\\icons\\argentina.svg","statementMap":{"0":{"start":{"line":1,"column":0},"end":{"line":1,"column":33}}},"fnMap":{},"branchMap":{},"s":{"0":2},"f":{},"b":{},"inputSourceMap":null,"_coverageSchema":"1a1c01bbd47fc00a2c39e90264f33305004495a9","hash":"f5194b286b3244d67f15442eceff9085a6e285c6"}
,"C:\\WePlan\\pec-conv-wdc\\src\\img\\icons\\arrow-down-white.svg": {"path":"C:\\WePlan\\pec-conv-wdc\\src\\img\\icons\\arrow-down-white.svg","statementMap":{"0":{"start":{"line":1,"column":0},"end":{"line":1,"column":40}}},"fnMap":{},"branchMap":{},"s":{"0":2},"f":{},"b":{},"inputSourceMap":null,"_coverageSchema":"1a1c01bbd47fc00a2c39e90264f33305004495a9","hash":"9aab63143610a52eb6a88340a75e727cd3638a75"}
,"C:\\WePlan\\pec-conv-wdc\\src\\img\\icons\\arrow-down.svg": {"path":"C:\\WePlan\\pec-conv-wdc\\src\\img\\icons\\arrow-down.svg","statementMap":{"0":{"start":{"line":1,"column":0},"end":{"line":1,"column":34}}},"fnMap":{},"branchMap":{},"s":{"0":2},"f":{},"b":{},"inputSourceMap":null,"_coverageSchema":"1a1c01bbd47fc00a2c39e90264f33305004495a9","hash":"736b53a591329ea92b85e52b542bda38ed6e801b"}
,"C:\\WePlan\\pec-conv-wdc\\src\\img\\icons\\arrow-up-white.svg": {"path":"C:\\WePlan\\pec-conv-wdc\\src\\img\\icons\\arrow-up-white.svg","statementMap":{"0":{"start":{"line":1,"column":0},"end":{"line":1,"column":38}}},"fnMap":{},"branchMap":{},"s":{"0":2},"f":{},"b":{},"inputSourceMap":null,"_coverageSchema":"1a1c01bbd47fc00a2c39e90264f33305004495a9","hash":"1f28c28c228808931edbaa8ee7720e565f93ee76"}
,"C:\\WePlan\\pec-conv-wdc\\src\\img\\icons\\arrow-up.svg": {"path":"C:\\WePlan\\pec-conv-wdc\\src\\img\\icons\\arrow-up.svg","statementMap":{"0":{"start":{"line":1,"column":0},"end":{"line":1,"column":32}}},"fnMap":{},"branchMap":{},"s":{"0":2},"f":{},"b":{},"inputSourceMap":null,"_coverageSchema":"1a1c01bbd47fc00a2c39e90264f33305004495a9","hash":"f94910ffe1da484dd6732909457bc70c4232755e"}
,"C:\\WePlan\\pec-conv-wdc\\src\\img\\icons\\assets.svg": {"path":"C:\\WePlan\\pec-conv-wdc\\src\\img\\icons\\assets.svg","statementMap":{"0":{"start":{"line":1,"column":0},"end":{"line":1,"column":30}}},"fnMap":{},"branchMap":{},"s":{"0":2},"f":{},"b":{},"inputSourceMap":null,"_coverageSchema":"1a1c01bbd47fc00a2c39e90264f33305004495a9","hash":"11cacf85e4155bad34e76f7979539018fceb4347"}
,"C:\\WePlan\\pec-conv-wdc\\src\\img\\icons\\badge-ar.svg": {"path":"C:\\WePlan\\pec-conv-wdc\\src\\img\\icons\\badge-ar.svg","statementMap":{"0":{"start":{"line":1,"column":0},"end":{"line":1,"column":32}}},"fnMap":{},"branchMap":{},"s":{"0":2},"f":{},"b":{},"inputSourceMap":null,"_coverageSchema":"1a1c01bbd47fc00a2c39e90264f33305004495a9","hash":"c0412b4dadc7d597eda83aa262376d8673ed70d5"}
,"C:\\WePlan\\pec-conv-wdc\\src\\img\\icons\\barra_off.svg": {"path":"C:\\WePlan\\pec-conv-wdc\\src\\img\\icons\\barra_off.svg","statementMap":{"0":{"start":{"line":1,"column":0},"end":{"line":1,"column":33}}},"fnMap":{},"branchMap":{},"s":{"0":2},"f":{},"b":{},"inputSourceMap":null,"_coverageSchema":"1a1c01bbd47fc00a2c39e90264f33305004495a9","hash":"01662f8753f2e68ecde677c7bcf164e26e4a60b6"}
,"C:\\WePlan\\pec-conv-wdc\\src\\img\\icons\\barra_ok.svg": {"path":"C:\\WePlan\\pec-conv-wdc\\src\\img\\icons\\barra_ok.svg","statementMap":{"0":{"start":{"line":1,"column":0},"end":{"line":1,"column":32}}},"fnMap":{},"branchMap":{},"s":{"0":2},"f":{},"b":{},"inputSourceMap":null,"_coverageSchema":"1a1c01bbd47fc00a2c39e90264f33305004495a9","hash":"4f69baa4d75992fd58e7beaedb95d46bbeb88c2c"}
,"C:\\WePlan\\pec-conv-wdc\\src\\img\\icons\\btn-buscador.svg": {"path":"C:\\WePlan\\pec-conv-wdc\\src\\img\\icons\\btn-buscador.svg","statementMap":{"0":{"start":{"line":1,"column":0},"end":{"line":1,"column":36}}},"fnMap":{},"branchMap":{},"s":{"0":2},"f":{},"b":{},"inputSourceMap":null,"_coverageSchema":"1a1c01bbd47fc00a2c39e90264f33305004495a9","hash":"ad569cd8ed229b2c2b1d698286f89ec1e14f47ed"}
,"C:\\WePlan\\pec-conv-wdc\\src\\img\\icons\\btn-buscador_borderless.svg": {"path":"C:\\WePlan\\pec-conv-wdc\\src\\img\\icons\\btn-buscador_borderless.svg","statementMap":{"0":{"start":{"line":1,"column":0},"end":{"line":1,"column":47}}},"fnMap":{},"branchMap":{},"s":{"0":2},"f":{},"b":{},"inputSourceMap":null,"_coverageSchema":"1a1c01bbd47fc00a2c39e90264f33305004495a9","hash":"08265ce51e12a200f6c3f775ccc1dc3431da82aa"}
,"C:\\WePlan\\pec-conv-wdc\\src\\img\\icons\\btn-flecha-ir.svg": {"path":"C:\\WePlan\\pec-conv-wdc\\src\\img\\icons\\btn-flecha-ir.svg","statementMap":{"0":{"start":{"line":1,"column":0},"end":{"line":1,"column":37}}},"fnMap":{},"branchMap":{},"s":{"0":2},"f":{},"b":{},"inputSourceMap":null,"_coverageSchema":"1a1c01bbd47fc00a2c39e90264f33305004495a9","hash":"36bef0bec33147a3fb31dfeeae440f28ec8976f5"}
,"C:\\WePlan\\pec-conv-wdc\\src\\img\\icons\\call.svg": {"path":"C:\\WePlan\\pec-conv-wdc\\src\\img\\icons\\call.svg","statementMap":{"0":{"start":{"line":1,"column":0},"end":{"line":1,"column":28}}},"fnMap":{},"branchMap":{},"s":{"0":2},"f":{},"b":{},"inputSourceMap":null,"_coverageSchema":"1a1c01bbd47fc00a2c39e90264f33305004495a9","hash":"c56569b9873ff4bcbeb82a4ae64c462531d0cfd3"}
,"C:\\WePlan\\pec-conv-wdc\\src\\img\\icons\\check.svg": {"path":"C:\\WePlan\\pec-conv-wdc\\src\\img\\icons\\check.svg","statementMap":{"0":{"start":{"line":1,"column":0},"end":{"line":1,"column":29}}},"fnMap":{},"branchMap":{},"s":{"0":2},"f":{},"b":{},"inputSourceMap":null,"_coverageSchema":"1a1c01bbd47fc00a2c39e90264f33305004495a9","hash":"e7f08f13aca11803b2cca1d3527b5d3b5950e78e"}
,"C:\\WePlan\\pec-conv-wdc\\src\\img\\icons\\check_white.svg": {"path":"C:\\WePlan\\pec-conv-wdc\\src\\img\\icons\\check_white.svg","statementMap":{"0":{"start":{"line":1,"column":0},"end":{"line":1,"column":35}}},"fnMap":{},"branchMap":{},"s":{"0":2},"f":{},"b":{},"inputSourceMap":null,"_coverageSchema":"1a1c01bbd47fc00a2c39e90264f33305004495a9","hash":"5f2bc4afbcf7136ae08065bc4ceb24e7e487fbf6"}
,"C:\\WePlan\\pec-conv-wdc\\src\\img\\icons\\circle-green.svg": {"path":"C:\\WePlan\\pec-conv-wdc\\src\\img\\icons\\circle-green.svg","statementMap":{"0":{"start":{"line":1,"column":0},"end":{"line":1,"column":36}}},"fnMap":{},"branchMap":{},"s":{"0":2},"f":{},"b":{},"inputSourceMap":null,"_coverageSchema":"1a1c01bbd47fc00a2c39e90264f33305004495a9","hash":"39ed072e4f1886ed6b4f1412d0882c60f6feb589"}
,"C:\\WePlan\\pec-conv-wdc\\src\\img\\icons\\close-gray.svg": {"path":"C:\\WePlan\\pec-conv-wdc\\src\\img\\icons\\close-gray.svg","statementMap":{"0":{"start":{"line":1,"column":0},"end":{"line":1,"column":34}}},"fnMap":{},"branchMap":{},"s":{"0":2},"f":{},"b":{},"inputSourceMap":null,"_coverageSchema":"1a1c01bbd47fc00a2c39e90264f33305004495a9","hash":"8c7f41bc4b48b5bdfbe016f4c07f87f5f7e53c44"}
,"C:\\WePlan\\pec-conv-wdc\\src\\img\\icons\\close.svg": {"path":"C:\\WePlan\\pec-conv-wdc\\src\\img\\icons\\close.svg","statementMap":{"0":{"start":{"line":1,"column":0},"end":{"line":1,"column":29}}},"fnMap":{},"branchMap":{},"s":{"0":2},"f":{},"b":{},"inputSourceMap":null,"_coverageSchema":"1a1c01bbd47fc00a2c39e90264f33305004495a9","hash":"25f278a1a34079d0d2bc5493a77bf54406cd9e82"}
,"C:\\WePlan\\pec-conv-wdc\\src\\img\\icons\\danger.png": {"path":"C:\\WePlan\\pec-conv-wdc\\src\\img\\icons\\danger.png","statementMap":{"0":{"start":{"line":1,"column":0},"end":{"line":1,"column":30}}},"fnMap":{},"branchMap":{},"s":{"0":2},"f":{},"b":{},"inputSourceMap":null,"_coverageSchema":"1a1c01bbd47fc00a2c39e90264f33305004495a9","hash":"1e693258cc12fd82259d9a26f407c2b6e2e42ed1"}
,"C:\\WePlan\\pec-conv-wdc\\src\\img\\icons\\error_launch.svg": {"path":"C:\\WePlan\\pec-conv-wdc\\src\\img\\icons\\error_launch.svg","statementMap":{"0":{"start":{"line":1,"column":0},"end":{"line":1,"column":36}}},"fnMap":{},"branchMap":{},"s":{"0":2},"f":{},"b":{},"inputSourceMap":null,"_coverageSchema":"1a1c01bbd47fc00a2c39e90264f33305004495a9","hash":"99e9be50c0a96721174513ba816886cef44b9855"}
,"C:\\WePlan\\pec-conv-wdc\\src\\img\\icons\\error_outline.svg": {"path":"C:\\WePlan\\pec-conv-wdc\\src\\img\\icons\\error_outline.svg","statementMap":{"0":{"start":{"line":1,"column":0},"end":{"line":1,"column":37}}},"fnMap":{},"branchMap":{},"s":{"0":2},"f":{},"b":{},"inputSourceMap":null,"_coverageSchema":"1a1c01bbd47fc00a2c39e90264f33305004495a9","hash":"076d98680d7049df67c7d698983ad57a23626eef"}
,"C:\\WePlan\\pec-conv-wdc\\src\\img\\icons\\exit_to_app.svg": {"path":"C:\\WePlan\\pec-conv-wdc\\src\\img\\icons\\exit_to_app.svg","statementMap":{"0":{"start":{"line":1,"column":0},"end":{"line":1,"column":35}}},"fnMap":{},"branchMap":{},"s":{"0":2},"f":{},"b":{},"inputSourceMap":null,"_coverageSchema":"1a1c01bbd47fc00a2c39e90264f33305004495a9","hash":"92270244388437e4ac982d160bc2ad30e7610519"}
,"C:\\WePlan\\pec-conv-wdc\\src\\img\\icons\\exit_to_app_blanco.svg": {"path":"C:\\WePlan\\pec-conv-wdc\\src\\img\\icons\\exit_to_app_blanco.svg","statementMap":{"0":{"start":{"line":1,"column":0},"end":{"line":1,"column":42}}},"fnMap":{},"branchMap":{},"s":{"0":2},"f":{},"b":{},"inputSourceMap":null,"_coverageSchema":"1a1c01bbd47fc00a2c39e90264f33305004495a9","hash":"24b59928cf579af65058e1c986744c9afe3c7359"}
,"C:\\WePlan\\pec-conv-wdc\\src\\img\\icons\\green-bubbles.png": {"path":"C:\\WePlan\\pec-conv-wdc\\src\\img\\icons\\green-bubbles.png","statementMap":{"0":{"start":{"line":1,"column":0},"end":{"line":1,"column":37}}},"fnMap":{},"branchMap":{},"s":{"0":2},"f":{},"b":{},"inputSourceMap":null,"_coverageSchema":"1a1c01bbd47fc00a2c39e90264f33305004495a9","hash":"e6e897b938a695c2dbbb997341c03849ddb4a08d"}
,"C:\\WePlan\\pec-conv-wdc\\src\\img\\icons\\ic-account_circle.svg": {"path":"C:\\WePlan\\pec-conv-wdc\\src\\img\\icons\\ic-account_circle.svg","statementMap":{"0":{"start":{"line":1,"column":0},"end":{"line":1,"column":41}}},"fnMap":{},"branchMap":{},"s":{"0":2},"f":{},"b":{},"inputSourceMap":null,"_coverageSchema":"1a1c01bbd47fc00a2c39e90264f33305004495a9","hash":"35aebebcc0f32ab8defb67f6d59ef61cc40e85de"}
,"C:\\WePlan\\pec-conv-wdc\\src\\img\\icons\\ic-account_corporativo.svg": {"path":"C:\\WePlan\\pec-conv-wdc\\src\\img\\icons\\ic-account_corporativo.svg","statementMap":{"0":{"start":{"line":1,"column":0},"end":{"line":1,"column":46}}},"fnMap":{},"branchMap":{},"s":{"0":2},"f":{},"b":{},"inputSourceMap":null,"_coverageSchema":"1a1c01bbd47fc00a2c39e90264f33305004495a9","hash":"2682270c494dac9d0eee67a30e02b05e53546cc1"}
,"C:\\WePlan\\pec-conv-wdc\\src\\img\\icons\\ic-account_masivo.svg": {"path":"C:\\WePlan\\pec-conv-wdc\\src\\img\\icons\\ic-account_masivo.svg","statementMap":{"0":{"start":{"line":1,"column":0},"end":{"line":1,"column":41}}},"fnMap":{},"branchMap":{},"s":{"0":2},"f":{},"b":{},"inputSourceMap":null,"_coverageSchema":"1a1c01bbd47fc00a2c39e90264f33305004495a9","hash":"aa283a15cf46989e64ab3a7cc600214953b22160"}
,"C:\\WePlan\\pec-conv-wdc\\src\\img\\icons\\ic-app_on.svg": {"path":"C:\\WePlan\\pec-conv-wdc\\src\\img\\icons\\ic-app_on.svg","statementMap":{"0":{"start":{"line":1,"column":0},"end":{"line":1,"column":33}}},"fnMap":{},"branchMap":{},"s":{"0":2},"f":{},"b":{},"inputSourceMap":null,"_coverageSchema":"1a1c01bbd47fc00a2c39e90264f33305004495a9","hash":"630edc7c3bcb979632e2f27d62daa2c9b5019f9c"}
,"C:\\WePlan\\pec-conv-wdc\\src\\img\\icons\\ic-app_select.svg": {"path":"C:\\WePlan\\pec-conv-wdc\\src\\img\\icons\\ic-app_select.svg","statementMap":{"0":{"start":{"line":1,"column":0},"end":{"line":1,"column":37}}},"fnMap":{},"branchMap":{},"s":{"0":2},"f":{},"b":{},"inputSourceMap":null,"_coverageSchema":"1a1c01bbd47fc00a2c39e90264f33305004495a9","hash":"6df34277cbe80c41eae9f26671e6d0ce5c22da87"}
,"C:\\WePlan\\pec-conv-wdc\\src\\img\\icons\\ic-arrow_down.svg": {"path":"C:\\WePlan\\pec-conv-wdc\\src\\img\\icons\\ic-arrow_down.svg","statementMap":{"0":{"start":{"line":1,"column":0},"end":{"line":1,"column":37}}},"fnMap":{},"branchMap":{},"s":{"0":2},"f":{},"b":{},"inputSourceMap":null,"_coverageSchema":"1a1c01bbd47fc00a2c39e90264f33305004495a9","hash":"1a85440af993791ac4d9da47a2246dd66697b2cd"}
,"C:\\WePlan\\pec-conv-wdc\\src\\img\\icons\\ic-arrowleft.svg": {"path":"C:\\WePlan\\pec-conv-wdc\\src\\img\\icons\\ic-arrowleft.svg","statementMap":{"0":{"start":{"line":1,"column":0},"end":{"line":1,"column":36}}},"fnMap":{},"branchMap":{},"s":{"0":2},"f":{},"b":{},"inputSourceMap":null,"_coverageSchema":"1a1c01bbd47fc00a2c39e90264f33305004495a9","hash":"0775fa49d9e8abd59c945a4696777ca9b868960c"}
,"C:\\WePlan\\pec-conv-wdc\\src\\img\\icons\\ic-arrowright-blue.svg": {"path":"C:\\WePlan\\pec-conv-wdc\\src\\img\\icons\\ic-arrowright-blue.svg","statementMap":{"0":{"start":{"line":1,"column":0},"end":{"line":1,"column":42}}},"fnMap":{},"branchMap":{},"s":{"0":2},"f":{},"b":{},"inputSourceMap":null,"_coverageSchema":"1a1c01bbd47fc00a2c39e90264f33305004495a9","hash":"2cabcf868f52203cd2e1a26cee08e11747a729c9"}
,"C:\\WePlan\\pec-conv-wdc\\src\\img\\icons\\ic-arrowright.svg": {"path":"C:\\WePlan\\pec-conv-wdc\\src\\img\\icons\\ic-arrowright.svg","statementMap":{"0":{"start":{"line":1,"column":0},"end":{"line":1,"column":37}}},"fnMap":{},"branchMap":{},"s":{"0":2},"f":{},"b":{},"inputSourceMap":null,"_coverageSchema":"1a1c01bbd47fc00a2c39e90264f33305004495a9","hash":"ccb8ae9877868c01443467666edb475e0b8c35d5"}
,"C:\\WePlan\\pec-conv-wdc\\src\\img\\icons\\ic-asesor_on.svg": {"path":"C:\\WePlan\\pec-conv-wdc\\src\\img\\icons\\ic-asesor_on.svg","statementMap":{"0":{"start":{"line":1,"column":0},"end":{"line":1,"column":36}}},"fnMap":{},"branchMap":{},"s":{"0":2},"f":{},"b":{},"inputSourceMap":null,"_coverageSchema":"1a1c01bbd47fc00a2c39e90264f33305004495a9","hash":"a9905b833ef4b537893343e7e7843848d7831f2d"}
,"C:\\WePlan\\pec-conv-wdc\\src\\img\\icons\\ic-asesor_select.svg": {"path":"C:\\WePlan\\pec-conv-wdc\\src\\img\\icons\\ic-asesor_select.svg","statementMap":{"0":{"start":{"line":1,"column":0},"end":{"line":1,"column":40}}},"fnMap":{},"branchMap":{},"s":{"0":2},"f":{},"b":{},"inputSourceMap":null,"_coverageSchema":"1a1c01bbd47fc00a2c39e90264f33305004495a9","hash":"551c34d0664a344d1534b250c3c6c455ce2885a0"}
,"C:\\WePlan\\pec-conv-wdc\\src\\img\\icons\\ic-auriculares.svg": {"path":"C:\\WePlan\\pec-conv-wdc\\src\\img\\icons\\ic-auriculares.svg","statementMap":{"0":{"start":{"line":1,"column":0},"end":{"line":1,"column":38}}},"fnMap":{},"branchMap":{},"s":{"0":2},"f":{},"b":{},"inputSourceMap":null,"_coverageSchema":"1a1c01bbd47fc00a2c39e90264f33305004495a9","hash":"f011ccf47339b2d8c75f1ef8cfeb7289322e7368"}
,"C:\\WePlan\\pec-conv-wdc\\src\\img\\icons\\ic-btnContraer.svg": {"path":"C:\\WePlan\\pec-conv-wdc\\src\\img\\icons\\ic-btnContraer.svg","statementMap":{"0":{"start":{"line":1,"column":0},"end":{"line":1,"column":38}}},"fnMap":{},"branchMap":{},"s":{"0":2},"f":{},"b":{},"inputSourceMap":null,"_coverageSchema":"1a1c01bbd47fc00a2c39e90264f33305004495a9","hash":"a59c240b10ef3bd171400779fa153d39604f218c"}
,"C:\\WePlan\\pec-conv-wdc\\src\\img\\icons\\ic-btnExpandir.svg": {"path":"C:\\WePlan\\pec-conv-wdc\\src\\img\\icons\\ic-btnExpandir.svg","statementMap":{"0":{"start":{"line":1,"column":0},"end":{"line":1,"column":38}}},"fnMap":{},"branchMap":{},"s":{"0":2},"f":{},"b":{},"inputSourceMap":null,"_coverageSchema":"1a1c01bbd47fc00a2c39e90264f33305004495a9","hash":"ba7f91439175a8fe5d42f8c4ab10366541d4c460"}
,"C:\\WePlan\\pec-conv-wdc\\src\\img\\icons\\ic-busqueda_off.svg": {"path":"C:\\WePlan\\pec-conv-wdc\\src\\img\\icons\\ic-busqueda_off.svg","statementMap":{"0":{"start":{"line":1,"column":0},"end":{"line":1,"column":39}}},"fnMap":{},"branchMap":{},"s":{"0":2},"f":{},"b":{},"inputSourceMap":null,"_coverageSchema":"1a1c01bbd47fc00a2c39e90264f33305004495a9","hash":"0ca12eb2410e824600ac45dd3806ebcc640f228d"}
,"C:\\WePlan\\pec-conv-wdc\\src\\img\\icons\\ic-busqueda_select.svg": {"path":"C:\\WePlan\\pec-conv-wdc\\src\\img\\icons\\ic-busqueda_select.svg","statementMap":{"0":{"start":{"line":1,"column":0},"end":{"line":1,"column":42}}},"fnMap":{},"branchMap":{},"s":{"0":2},"f":{},"b":{},"inputSourceMap":null,"_coverageSchema":"1a1c01bbd47fc00a2c39e90264f33305004495a9","hash":"57ed16f8726edca7b81c70a2d08756fe47931ef0"}
,"C:\\WePlan\\pec-conv-wdc\\src\\img\\icons\\ic-check-exito.svg": {"path":"C:\\WePlan\\pec-conv-wdc\\src\\img\\icons\\ic-check-exito.svg","statementMap":{"0":{"start":{"line":1,"column":0},"end":{"line":1,"column":38}}},"fnMap":{},"branchMap":{},"s":{"0":2},"f":{},"b":{},"inputSourceMap":null,"_coverageSchema":"1a1c01bbd47fc00a2c39e90264f33305004495a9","hash":"9f9dd4c7eeb0a0304e64627f4b48df517a3324f0"}
,"C:\\WePlan\\pec-conv-wdc\\src\\img\\icons\\ic-clear.svg": {"path":"C:\\WePlan\\pec-conv-wdc\\src\\img\\icons\\ic-clear.svg","statementMap":{"0":{"start":{"line":1,"column":0},"end":{"line":1,"column":32}}},"fnMap":{},"branchMap":{},"s":{"0":2},"f":{},"b":{},"inputSourceMap":null,"_coverageSchema":"1a1c01bbd47fc00a2c39e90264f33305004495a9","hash":"198554295dc01dc98e82b802dbe9fdd922d28bca"}
,"C:\\WePlan\\pec-conv-wdc\\src\\img\\icons\\ic-cliente_mixta_list.svg": {"path":"C:\\WePlan\\pec-conv-wdc\\src\\img\\icons\\ic-cliente_mixta_list.svg","statementMap":{"0":{"start":{"line":1,"column":0},"end":{"line":1,"column":45}}},"fnMap":{},"branchMap":{},"s":{"0":2},"f":{},"b":{},"inputSourceMap":null,"_coverageSchema":"1a1c01bbd47fc00a2c39e90264f33305004495a9","hash":"81eee90d2695a32c37de883102d1bb5392703316"}
,"C:\\WePlan\\pec-conv-wdc\\src\\img\\icons\\ic-cliente_off.svg": {"path":"C:\\WePlan\\pec-conv-wdc\\src\\img\\icons\\ic-cliente_off.svg","statementMap":{"0":{"start":{"line":1,"column":0},"end":{"line":1,"column":38}}},"fnMap":{},"branchMap":{},"s":{"0":2},"f":{},"b":{},"inputSourceMap":null,"_coverageSchema":"1a1c01bbd47fc00a2c39e90264f33305004495a9","hash":"e66d25c4be66842c5d9ba420024421af2163a1d8"}
,"C:\\WePlan\\pec-conv-wdc\\src\\img\\icons\\ic-cliente_on.svg": {"path":"C:\\WePlan\\pec-conv-wdc\\src\\img\\icons\\ic-cliente_on.svg","statementMap":{"0":{"start":{"line":1,"column":0},"end":{"line":1,"column":37}}},"fnMap":{},"branchMap":{},"s":{"0":2},"f":{},"b":{},"inputSourceMap":null,"_coverageSchema":"1a1c01bbd47fc00a2c39e90264f33305004495a9","hash":"4c6375a439bdcc03da171a42965ef7fb1eb79202"}
,"C:\\WePlan\\pec-conv-wdc\\src\\img\\icons\\ic-cliente_select.svg": {"path":"C:\\WePlan\\pec-conv-wdc\\src\\img\\icons\\ic-cliente_select.svg","statementMap":{"0":{"start":{"line":1,"column":0},"end":{"line":1,"column":41}}},"fnMap":{},"branchMap":{},"s":{"0":2},"f":{},"b":{},"inputSourceMap":null,"_coverageSchema":"1a1c01bbd47fc00a2c39e90264f33305004495a9","hash":"1573b281549b8d5404f797fbc29c2e6337a297e3"}
,"C:\\WePlan\\pec-conv-wdc\\src\\img\\icons\\ic-cobertura_add-disabled.svg": {"path":"C:\\WePlan\\pec-conv-wdc\\src\\img\\icons\\ic-cobertura_add-disabled.svg","statementMap":{"0":{"start":{"line":1,"column":0},"end":{"line":1,"column":49}}},"fnMap":{},"branchMap":{},"s":{"0":2},"f":{},"b":{},"inputSourceMap":null,"_coverageSchema":"1a1c01bbd47fc00a2c39e90264f33305004495a9","hash":"b21b2459cd0be7797935beb464c48c278916962c"}
,"C:\\WePlan\\pec-conv-wdc\\src\\img\\icons\\ic-cobertura_add-hover.svg": {"path":"C:\\WePlan\\pec-conv-wdc\\src\\img\\icons\\ic-cobertura_add-hover.svg","statementMap":{"0":{"start":{"line":1,"column":0},"end":{"line":1,"column":46}}},"fnMap":{},"branchMap":{},"s":{"0":2},"f":{},"b":{},"inputSourceMap":null,"_coverageSchema":"1a1c01bbd47fc00a2c39e90264f33305004495a9","hash":"7e8e327d84c48065ebdd8d80d7e3f26d09d8d523"}
,"C:\\WePlan\\pec-conv-wdc\\src\\img\\icons\\ic-cobertura_add.svg": {"path":"C:\\WePlan\\pec-conv-wdc\\src\\img\\icons\\ic-cobertura_add.svg","statementMap":{"0":{"start":{"line":1,"column":0},"end":{"line":1,"column":40}}},"fnMap":{},"branchMap":{},"s":{"0":2},"f":{},"b":{},"inputSourceMap":null,"_coverageSchema":"1a1c01bbd47fc00a2c39e90264f33305004495a9","hash":"552d98ab592e7f6b18a693dda9b098f1f131d5f2"}
,"C:\\WePlan\\pec-conv-wdc\\src\\img\\icons\\ic-cobertura_off.svg": {"path":"C:\\WePlan\\pec-conv-wdc\\src\\img\\icons\\ic-cobertura_off.svg","statementMap":{"0":{"start":{"line":1,"column":0},"end":{"line":1,"column":40}}},"fnMap":{},"branchMap":{},"s":{"0":2},"f":{},"b":{},"inputSourceMap":null,"_coverageSchema":"1a1c01bbd47fc00a2c39e90264f33305004495a9","hash":"ae955266aaa58cb8266bb86e95b54aae2c359f17"}
,"C:\\WePlan\\pec-conv-wdc\\src\\img\\icons\\ic-cobertura_on.svg": {"path":"C:\\WePlan\\pec-conv-wdc\\src\\img\\icons\\ic-cobertura_on.svg","statementMap":{"0":{"start":{"line":1,"column":0},"end":{"line":1,"column":39}}},"fnMap":{},"branchMap":{},"s":{"0":2},"f":{},"b":{},"inputSourceMap":null,"_coverageSchema":"1a1c01bbd47fc00a2c39e90264f33305004495a9","hash":"3c9cef92d28fa7eb912962276b627d7fd5597106"}
,"C:\\WePlan\\pec-conv-wdc\\src\\img\\icons\\ic-cpay_off.svg": {"path":"C:\\WePlan\\pec-conv-wdc\\src\\img\\icons\\ic-cpay_off.svg","statementMap":{"0":{"start":{"line":1,"column":0},"end":{"line":1,"column":35}}},"fnMap":{},"branchMap":{},"s":{"0":2},"f":{},"b":{},"inputSourceMap":null,"_coverageSchema":"1a1c01bbd47fc00a2c39e90264f33305004495a9","hash":"a29e500ade3ac6e6c8be3c8249a336eecc4b2a72"}
,"C:\\WePlan\\pec-conv-wdc\\src\\img\\icons\\ic-cpay_on.svg": {"path":"C:\\WePlan\\pec-conv-wdc\\src\\img\\icons\\ic-cpay_on.svg","statementMap":{"0":{"start":{"line":1,"column":0},"end":{"line":1,"column":34}}},"fnMap":{},"branchMap":{},"s":{"0":2},"f":{},"b":{},"inputSourceMap":null,"_coverageSchema":"1a1c01bbd47fc00a2c39e90264f33305004495a9","hash":"3b5977d0215d15d253f647c69c35ef46870ea9f5"}
,"C:\\WePlan\\pec-conv-wdc\\src\\img\\icons\\ic-cuenta_list.svg": {"path":"C:\\WePlan\\pec-conv-wdc\\src\\img\\icons\\ic-cuenta_list.svg","statementMap":{"0":{"start":{"line":1,"column":0},"end":{"line":1,"column":38}}},"fnMap":{},"branchMap":{},"s":{"0":2},"f":{},"b":{},"inputSourceMap":null,"_coverageSchema":"1a1c01bbd47fc00a2c39e90264f33305004495a9","hash":"78f0857d4375558e6a662696923ac31e7875a36c"}
,"C:\\WePlan\\pec-conv-wdc\\src\\img\\icons\\ic-cuenta_off.svg": {"path":"C:\\WePlan\\pec-conv-wdc\\src\\img\\icons\\ic-cuenta_off.svg","statementMap":{"0":{"start":{"line":1,"column":0},"end":{"line":1,"column":37}}},"fnMap":{},"branchMap":{},"s":{"0":2},"f":{},"b":{},"inputSourceMap":null,"_coverageSchema":"1a1c01bbd47fc00a2c39e90264f33305004495a9","hash":"64ba2bdb9af25997853c9961c6a230767de40123"}
,"C:\\WePlan\\pec-conv-wdc\\src\\img\\icons\\ic-cuenta_on.svg": {"path":"C:\\WePlan\\pec-conv-wdc\\src\\img\\icons\\ic-cuenta_on.svg","statementMap":{"0":{"start":{"line":1,"column":0},"end":{"line":1,"column":36}}},"fnMap":{},"branchMap":{},"s":{"0":2},"f":{},"b":{},"inputSourceMap":null,"_coverageSchema":"1a1c01bbd47fc00a2c39e90264f33305004495a9","hash":"0f762e65c87b7775b86c87838b2fc955b82f50d3"}
,"C:\\WePlan\\pec-conv-wdc\\src\\img\\icons\\ic-cuenta_select.svg": {"path":"C:\\WePlan\\pec-conv-wdc\\src\\img\\icons\\ic-cuenta_select.svg","statementMap":{"0":{"start":{"line":1,"column":0},"end":{"line":1,"column":40}}},"fnMap":{},"branchMap":{},"s":{"0":2},"f":{},"b":{},"inputSourceMap":null,"_coverageSchema":"1a1c01bbd47fc00a2c39e90264f33305004495a9","hash":"cf938d571650cfaa87deab435184c063e307e79a"}
,"C:\\WePlan\\pec-conv-wdc\\src\\img\\icons\\ic-cvideo_off.svg": {"path":"C:\\WePlan\\pec-conv-wdc\\src\\img\\icons\\ic-cvideo_off.svg","statementMap":{"0":{"start":{"line":1,"column":0},"end":{"line":1,"column":37}}},"fnMap":{},"branchMap":{},"s":{"0":2},"f":{},"b":{},"inputSourceMap":null,"_coverageSchema":"1a1c01bbd47fc00a2c39e90264f33305004495a9","hash":"c9778852552a113edfa2e32a2bdd730e5935e9b9"}
[...]
,"C:\\WePlan\\pec-conv-wdc\\src\\img\\icons\\ic-nbr_check-box.svg": {"path":"C:\\WePlan\\pec-conv-wdc\\src\\img\\icons\\ic-nbr_check-box.svg","statementMap":{"0":{"start":{"line":1,"column":0},"end":{"line":1,"column":40}}},"fnMap":{},"branchMap":{},"s":{"0":2},"f":{},"b":{},"inputSourceMap":null,"_coverageSchema":"1a1c01bbd47fc00a2c39e90264f33305004495a9","hash":"0ebeaa74e770611be919223de696ee33b390bbf9"}
,"C:\\WePlan\\pec-conv-wdc\\src\\img\\icons\\ic-nbr_check-box_select.svg": {"path":"C:\\WePlan\\pec-conv-wdc\\src\\img\\icons\\ic-nbr_check-box_select.svg","statementMap":{"0":{"start":{"line":1,"column":0},"end":{"line":1,"column":47}}},"fnMap":{},"branchMap":{},"s":{"0":2},"f":{},"b":{},"inputSourceMap":null,"_coverageSchema":"1a1c01bbd47fc00a2c39e90264f33305004495a9","hash":"d5adc750a029185c5bc56661200acf931d76ee25"}
,"C:\\WePlan\\pec-conv-wdc\\src\\img\\icons\\ic-nbr_mail.svg": {"path":"C:\\WePlan\\pec-conv-wdc\\src\\img\\icons\\ic-nbr_mail.svg","statementMap":{"0":{"start":{"line":1,"column":0},"end":{"line":1,"column":35}}},"fnMap":{},"branchMap":{},"s":{"0":2},"f":{},"b":{},"inputSourceMap":null,"_coverageSchema":"1a1c01bbd47fc00a2c39e90264f33305004495a9","hash":"5c435e01a3adbc885e1f0738974afe6b702248ce"}
,"C:\\WePlan\\pec-conv-wdc\\src\\img\\icons\\ic-nbr_text.svg": {"path":"C:\\WePlan\\pec-conv-wdc\\src\\img\\icons\\ic-nbr_text.svg","statementMap":{"0":{"start":{"line":1,"column":0},"end":{"line":1,"column":35}}},"fnMap":{},"branchMap":{},"s":{"0":2},"f":{},"b":{},"inputSourceMap":null,"_coverageSchema":"1a1c01bbd47fc00a2c39e90264f33305004495a9","hash":"8ecb611ac71e45df719abb143a23a4716bf5a39d"}
,"C:\\WePlan\\pec-conv-wdc\\src\\img\\icons\\ic-recom_like.svg": {"path":"C:\\WePlan\\pec-conv-wdc\\src\\img\\icons\\ic-recom_like.svg","statementMap":{"0":{"start":{"line":1,"column":0},"end":{"line":1,"column":37}}},"fnMap":{},"branchMap":{},"s":{"0":2},"f":{},"b":{},"inputSourceMap":null,"_coverageSchema":"1a1c01bbd47fc00a2c39e90264f33305004495a9","hash":"03f427ae2de731b024d10829ab09f5d2d73e0653"}
,"C:\\WePlan\\pec-conv-wdc\\src\\img\\icons\\ic-saldo_on.svg": {"path":"C:\\WePlan\\pec-conv-wdc\\src\\img\\icons\\ic-saldo_on.svg","statementMap":{"0":{"start":{"line":1,"column":0},"end":{"line":1,"column":35}}},"fnMap":{},"branchMap":{},"s":{"0":2},"f":{},"b":{},"inputSourceMap":null,"_coverageSchema":"1a1c01bbd47fc00a2c39e90264f33305004495a9","hash":"753c206d38e5a66dfc3ae2c05c877252efe3433b"}
,"C:\\WePlan\\pec-conv-wdc\\src\\img\\icons\\ic-saldo_select.svg": {"path":"C:\\WePlan\\pec-conv-wdc\\src\\img\\icons\\ic-saldo_select.svg","statementMap":{"0":{"start":{"line":1,"column":0},"end":{"line":1,"column":39}}},"fnMap":{},"branchMap":{},"s":{"0":2},"f":{},"b":{},"inputSourceMap":null,"_coverageSchema":"1a1c01bbd47fc00a2c39e90264f33305004495a9","hash":"2f221cc3a0a232c3d906d1ecd2bf9e7b5097bdef"}
,"C:\\WePlan\\pec-conv-wdc\\src\\img\\icons\\ic-sim_on.svg": {"path":"C:\\WePlan\\pec-conv-wdc\\src\\img\\icons\\ic-sim_on.svg","statementMap":{"0":{"start":{"line":1,"column":0},"end":{"line":1,"column":33}}},"fnMap":{},"branchMap":{},"s":{"0":2},"f":{},"b":{},"inputSourceMap":null,"_coverageSchema":"1a1c01bbd47fc00a2c39e90264f33305004495a9","hash":"b2b6cc2613ef91c517db11e5fb0132140528801e"}
,"C:\\WePlan\\pec-conv-wdc\\src\\img\\icons\\ic-sim_select.svg": {"path":"C:\\WePlan\\pec-conv-wdc\\src\\img\\icons\\ic-sim_select.svg","statementMap":{"0":{"start":{"line":1,"column":0},"end":{"line":1,"column":37}}},"fnMap":{},"branchMap":{},"s":{"0":2},"f":{},"b":{},"inputSourceMap":null,"_coverageSchema":"1a1c01bbd47fc00a2c39e90264f33305004495a9","hash":"b765fe4f9799e0eb49afbca1b3eef375867f6201"}
,"C:\\WePlan\\pec-conv-wdc\\src\\img\\icons\\ic-sms-white.svg": {"path":"C:\\WePlan\\pec-conv-wdc\\src\\img\\icons\\ic-sms-white.svg","statementMap":{"0":{"start":{"line":1,"column":0},"end":{"line":1,"column":36}}},"fnMap":{},"branchMap":{},"s":{"0":2},"f":{},"b":{},"inputSourceMap":null,"_coverageSchema":"1a1c01bbd47fc00a2c39e90264f33305004495a9","hash":"88efd2355beaea9270e26f4be490f802b761da50"}
,"C:\\WePlan\\pec-conv-wdc\\src\\img\\icons\\ic-sms.svg": {"path":"C:\\WePlan\\pec-conv-wdc\\src\\img\\icons\\ic-sms.svg","statementMap":{"0":{"start":{"line":1,"column":0},"end":{"line":1,"column":30}}},"fnMap":{},"branchMap":{},"s":{"0":2},"f":{},"b":{},"inputSourceMap":null,"_coverageSchema":"1a1c01bbd47fc00a2c39e90264f33305004495a9","hash":"253228daac9741470df424b33cd9974995559e7d"}
,"C:\\WePlan\\pec-conv-wdc\\src\\img\\icons\\ic-tipific.svg": {"path":"C:\\WePlan\\pec-conv-wdc\\src\\img\\icons\\ic-tipific.svg","statementMap":{"0":{"start":{"line":1,"column":0},"end":{"line":1,"column":34}}},"fnMap":{},"branchMap":{},"s":{"0":2},"f":{},"b":{},"inputSourceMap":null,"_coverageSchema":"1a1c01bbd47fc00a2c39e90264f33305004495a9","hash":"afe19043fc36684c259b13483a8b6b892313eb0a"}
,"C:\\WePlan\\pec-conv-wdc\\src\\img\\icons\\ic-tipific_hover.svg": {"path":"C:\\WePlan\\pec-conv-wdc\\src\\img\\icons\\ic-tipific_hover.svg","statementMap":{"0":{"start":{"line":1,"column":0},"end":{"line":1,"column":40}}},"fnMap":{},"branchMap":{},"s":{"0":2},"f":{},"b":{},"inputSourceMap":null,"_coverageSchema":"1a1c01bbd47fc00a2c39e90264f33305004495a9","hash":"094f5f8be30627f2833ef373acdd3e923eb80d47"}
,"C:\\WePlan\\pec-conv-wdc\\src\\img\\icons\\ic-wdc_2g-error.svg": {"path":"C:\\WePlan\\pec-conv-wdc\\src\\img\\icons\\ic-wdc_2g-error.svg","statementMap":{"0":{"start":{"line":1,"column":0},"end":{"line":1,"column":39}}},"fnMap":{},"branchMap":{},"s":{"0":2},"f":{},"b":{},"inputSourceMap":null,"_coverageSchema":"1a1c01bbd47fc00a2c39e90264f33305004495a9","hash":"69cc15f5cba2d9ca2373c330d4ab17cde8c8093d"}
,"C:\\WePlan\\pec-conv-wdc\\src\\img\\icons\\ic-wdc_2g-proyect.svg": {"path":"C:\\WePlan\\pec-conv-wdc\\src\\img\\icons\\ic-wdc_2g-proyect.svg","statementMap":{"0":{"start":{"line":1,"column":0},"end":{"line":1,"column":41}}},"fnMap":{},"branchMap":{},"s":{"0":2},"f":{},"b":{},"inputSourceMap":null,"_coverageSchema":"1a1c01bbd47fc00a2c39e90264f33305004495a9","hash":"70367299602e8fd3b71e8ddaf14224bff23ad15d"}
,"C:\\WePlan\\pec-conv-wdc\\src\\img\\icons\\ic-wdc_2g.svg": {"path":"C:\\WePlan\\pec-conv-wdc\\src\\img\\icons\\ic-wdc_2g.svg","statementMap":{"0":{"start":{"line":1,"column":0},"end":{"line":1,"column":33}}},"fnMap":{},"branchMap":{},"s":{"0":2},"f":{},"b":{},"inputSourceMap":null,"_coverageSchema":"1a1c01bbd47fc00a2c39e90264f33305004495a9","hash":"1649d6c320a2505fe76ac08917e8ed8a02080f6a"}
,"C:\\WePlan\\pec-conv-wdc\\src\\img\\icons\\ic-wdc_3g-error.svg": {"path":"C:\\WePlan\\pec-conv-wdc\\src\\img\\icons\\ic-wdc_3g-error.svg","statementMap":{"0":{"start":{"line":1,"column":0},"end":{"line":1,"column":39}}},"fnMap":{},"branchMap":{},"s":{"0":2},"f":{},"b":{},"inputSourceMap":null,"_coverageSchema":"1a1c01bbd47fc00a2c39e90264f33305004495a9","hash":"074dc93dcd7313498d18e2277517694fe7e83c5d"}
,"C:\\WePlan\\pec-conv-wdc\\src\\img\\icons\\ic-wdc_3g-proyect.svg": {"path":"C:\\WePlan\\pec-conv-wdc\\src\\img\\icons\\ic-wdc_3g-proyect.svg","statementMap":{"0":{"start":{"line":1,"column":0},"end":{"line":1,"column":41}}},"fnMap":{},"branchMap":{},"s":{"0":2},"f":{},"b":{},"inputSourceMap":null,"_coverageSchema":"1a1c01bbd47fc00a2c39e90264f33305004495a9","hash":"136f914717ef4d3b3888d699380ebd2d48fa626b"}
,"C:\\WePlan\\pec-conv-wdc\\src\\img\\icons\\ic-wdc_3g.svg": {"path":"C:\\WePlan\\pec-conv-wdc\\src\\img\\icons\\ic-wdc_3g.svg","statementMap":{"0":{"start":{"line":1,"column":0},"end":{"line":1,"column":33}}},"fnMap":{},"branchMap":{},"s":{"0":2},"f":{},"b":{},"inputSourceMap":null,"_coverageSchema":"1a1c01bbd47fc00a2c39e90264f33305004495a9","hash":"85fc628839b15a1d40b42eaa156e6653fda3b64b"}
,"C:\\WePlan\\pec-conv-wdc\\src\\img\\icons\\ic-wdc_4g-error.svg": {"path":"C:\\WePlan\\pec-conv-wdc\\src\\img\\icons\\ic-wdc_4g-error.svg","statementMap":{"0":{"start":{"line":1,"column":0},"end":{"line":1,"column":39}}},"fnMap":{},"branchMap":{},"s":{"0":2},"f":{},"b":{},"inputSourceMap":null,"_coverageSchema":"1a1c01bbd47fc00a2c39e90264f33305004495a9","hash":"c994956cf05d3f508d48447054d314ad7eb64a3f"}
,"C:\\WePlan\\pec-conv-wdc\\src\\img\\icons\\ic-wdc_4g-proyect.svg": {"path":"C:\\WePlan\\pec-conv-wdc\\src\\img\\icons\\ic-wdc_4g-proyect.svg","statementMap":{"0":{"start":{"line":1,"column":0},"end":{"line":1,"column":41}}},"fnMap":{},"branchMap":{},"s":{"0":2},"f":{},"b":{},"inputSourceMap":null,"_coverageSchema":"1a1c01bbd47fc00a2c39e90264f33305004495a9","hash":"a688c0af9d57ace6648ef9ec250428660d9ea741"}
,"C:\\WePlan\\pec-conv-wdc\\src\\img\\icons\\ic-wdc_4g.svg": {"path":"C:\\WePlan\\pec-conv-wdc\\src\\img\\icons\\ic-wdc_4g.svg","statementMap":{"0":{"start":{"line":1,"column":0},"end":{"line":1,"column":33}}},"fnMap":{},"branchMap":{},"s":{"0":2},"f":{},"b":{},"inputSourceMap":null,"_coverageSchema":"1a1c01bbd47fc00a2c39e90264f33305004495a9","hash":"f4d8cd908641c780c34949dae1bda994d1034634"}
,"C:\\WePlan\\pec-conv-wdc\\src\\img\\icons\\ic-wdc_cac.svg": {"path":"C:\\WePlan\\pec-conv-wdc\\src\\img\\icons\\ic-wdc_cac.svg","statementMap":{"0":{"start":{"line":1,"column":0},"end":{"line":1,"column":34}}},"fnMap":{},"branchMap":{},"s":{"0":2},"f":{},"b":{},"inputSourceMap":null,"_coverageSchema":"1a1c01bbd47fc00a2c39e90264f33305004495a9","hash":"781d3e67fbdb4f0cbde810546033c6da009e75aa"}
,"C:\\WePlan\\pec-conv-wdc\\src\\img\\icons\\ic-wdc_error.svg": {"path":"C:\\WePlan\\pec-conv-wdc\\src\\img\\icons\\ic-wdc_error.svg","statementMap":{"0":{"start":{"line":1,"column":0},"end":{"line":1,"column":36}}},"fnMap":{},"branchMap":{},"s":{"0":2},"f":{},"b":{},"inputSourceMap":null,"_coverageSchema":"1a1c01bbd47fc00a2c39e90264f33305004495a9","hash":"5b0f416cdd1d3054520086cd656500c2ded81ed7"}
,"C:\\WePlan\\pec-conv-wdc\\src\\img\\icons\\ic-wdc_ok.svg": {"path":"C:\\WePlan\\pec-conv-wdc\\src\\img\\icons\\ic-wdc_ok.svg","statementMap":{"0":{"start":{"line":1,"column":0},"end":{"line":1,"column":33}}},"fnMap":{},"branchMap":{},"s":{"0":2},"f":{},"b":{},"inputSourceMap":null,"_coverageSchema":"1a1c01bbd47fc00a2c39e90264f33305004495a9","hash":"afdd0f1eb32b320598d93ab146d921e4af2f4c24"}
,"C:\\WePlan\\pec-conv-wdc\\src\\img\\icons\\ic-wdc_pac.svg": {"path":"C:\\WePlan\\pec-conv-wdc\\src\\img\\icons\\ic-wdc_pac.svg","statementMap":{"0":{"start":{"line":1,"column":0},"end":{"line":1,"column":34}}},"fnMap":{},"branchMap":{},"s":{"0":2},"f":{},"b":{},"inputSourceMap":null,"_coverageSchema":"1a1c01bbd47fc00a2c39e90264f33305004495a9","hash":"7706d58c5e40ae5f1ce14c9d1166da1b15834afb"}
,"C:\\WePlan\\pec-conv-wdc\\src\\img\\icons\\ic-wdc_planif.svg": {"path":"C:\\WePlan\\pec-conv-wdc\\src\\img\\icons\\ic-wdc_planif.svg","statementMap":{"0":{"start":{"line":1,"column":0},"end":{"line":1,"column":37}}},"fnMap":{},"branchMap":{},"s":{"0":2},"f":{},"b":{},"inputSourceMap":null,"_coverageSchema":"1a1c01bbd47fc00a2c39e90264f33305004495a9","hash":"1e4ff887c014a432b7c1b51c72901f6419e2007d"}
,"C:\\WePlan\\pec-conv-wdc\\src\\img\\icons\\ic-wdc_pranif.svg": {"path":"C:\\WePlan\\pec-conv-wdc\\src\\img\\icons\\ic-wdc_pranif.svg","statementMap":{"0":{"start":{"line":1,"column":0},"end":{"line":1,"column":37}}},"fnMap":{},"branchMap":{},"s":{"0":2},"f":{},"b":{},"inputSourceMap":null,"_coverageSchema":"1a1c01bbd47fc00a2c39e90264f33305004495a9","hash":"385fce7fc1fac151e3528c817653f3c177f626c5"}
,"C:\\WePlan\\pec-conv-wdc\\src\\img\\icons\\ic-wdc_proyect.svg": {"path":"C:\\WePlan\\pec-conv-wdc\\src\\img\\icons\\ic-wdc_proyect.svg","statementMap":{"0":{"start":{"line":1,"column":0},"end":{"line":1,"column":38}}},"fnMap":{},"branchMap":{},"s":{"0":2},"f":{},"b":{},"inputSourceMap":null,"_coverageSchema":"1a1c01bbd47fc00a2c39e90264f33305004495a9","hash":"df3fe701ed58ca113788fc0150477695ac5e9a34"}
,"C:\\WePlan\\pec-conv-wdc\\src\\img\\icons\\ic_error.svg": {"path":"C:\\WePlan\\pec-conv-wdc\\src\\img\\icons\\ic_error.svg","statementMap":{"0":{"start":{"line":1,"column":0},"end":{"line":1,"column":32}}},"fnMap":{},"branchMap":{},"s":{"0":2},"f":{},"b":{},"inputSourceMap":null,"_coverageSchema":"1a1c01bbd47fc00a2c39e90264f33305004495a9","hash":"b4de0a135d547d6d9102913f912dfb8bc070d81f"}
,"C:\\WePlan\\pec-conv-wdc\\src\\img\\icons\\ic_success.svg": {"path":"C:\\WePlan\\pec-conv-wdc\\src\\img\\icons\\ic_success.svg","statementMap":{"0":{"start":{"line":1,"column":0},"end":{"line":1,"column":34}}},"fnMap":{},"branchMap":{},"s":{"0":2},"f":{},"b":{},"inputSourceMap":null,"_coverageSchema":"1a1c01bbd47fc00a2c39e90264f33305004495a9","hash":"84c908db03370745ee5bc2fffe092142ae758f67"}
,"C:\\WePlan\\pec-conv-wdc\\src\\img\\icons\\ic_ver-pdf.svg": {"path":"C:\\WePlan\\pec-conv-wdc\\src\\img\\icons\\ic_ver-pdf.svg","statementMap":{"0":{"start":{"line":1,"column":0},"end":{"line":1,"column":34}}},"fnMap":{},"branchMap":{},"s":{"0":2},"f":{},"b":{},"inputSourceMap":null,"_coverageSchema":"1a1c01bbd47fc00a2c39e90264f33305004495a9","hash":"ecd22ba30b29b28f84bab733181b169fdf2ab4cf"}
,"C:\\WePlan\\pec-conv-wdc\\src\\img\\icons\\ic_warning.svg": {"path":"C:\\WePlan\\pec-conv-wdc\\src\\img\\icons\\ic_warning.svg","statementMap":{"0":{"start":{"line":1,"column":0},"end":{"line":1,"column":34}}},"fnMap":{},"branchMap":{},"s":{"0":2},"f":{},"b":{},"inputSourceMap":null,"_coverageSchema":"1a1c01bbd47fc00a2c39e90264f33305004495a9","hash":"6db68d659c944c4469542037a44e2677bb2aed39"}
,"C:\\WePlan\\pec-conv-wdc\\src\\img\\icons\\info_azul.svg": {"path":"C:\\WePlan\\pec-conv-wdc\\src\\img\\icons\\info_azul.svg","statementMap":{"0":{"start":{"line":1,"column":0},"end":{"line":1,"column":33}}},"fnMap":{},"branchMap":{},"s":{"0":2},"f":{},"b":{},"inputSourceMap":null,"_coverageSchema":"1a1c01bbd47fc00a2c39e90264f33305004495a9","hash":"325714a40cf940d2b0aaa5717155dee5dc13cd0b"}
,"C:\\WePlan\\pec-conv-wdc\\src\\img\\icons\\info_blanco.svg": {"path":"C:\\WePlan\\pec-conv-wdc\\src\\img\\icons\\info_blanco.svg","statementMap":{"0":{"start":{"line":1,"column":0},"end":{"line":1,"column":35}}},"fnMap":{},"branchMap":{},"s":{"0":2},"f":{},"b":{},"inputSourceMap":null,"_coverageSchema":"1a1c01bbd47fc00a2c39e90264f33305004495a9","hash":"115a6c693215b6496530a43c288b27940fb5fa35"}
,"C:\\WePlan\\pec-conv-wdc\\src\\img\\icons\\logo-wait.svg": {"path":"C:\\WePlan\\pec-conv-wdc\\src\\img\\icons\\logo-wait.svg","statementMap":{"0":{"start":{"line":1,"column":0},"end":{"line":1,"column":33}}},"fnMap":{},"branchMap":{},"s":{"0":2},"f":{},"b":{},"inputSourceMap":null,"_coverageSchema":"1a1c01bbd47fc00a2c39e90264f33305004495a9","hash":"2a4b153d8eb57b3a7924c0602955e20dfe4fd948"}
,"C:\\WePlan\\pec-conv-wdc\\src\\img\\icons\\logo.svg": {"path":"C:\\WePlan\\pec-conv-wdc\\src\\img\\icons\\logo.svg","statementMap":{"0":{"start":{"line":1,"column":0},"end":{"line":1,"column":28}}},"fnMap":{},"branchMap":{},"s":{"0":2},"f":{},"b":{},"inputSourceMap":null,"_coverageSchema":"1a1c01bbd47fc00a2c39e90264f33305004495a9","hash":"583f935fc3843c12e5edadeb0a365bd403cbc802"}
,"C:\\WePlan\\pec-conv-wdc\\src\\img\\icons\\paraguay.svg": {"path":"C:\\WePlan\\pec-conv-wdc\\src\\img\\icons\\paraguay.svg","statementMap":{"0":{"start":{"line":1,"column":0},"end":{"line":1,"column":32}}},"fnMap":{},"branchMap":{},"s":{"0":2},"f":{},"b":{},"inputSourceMap":null,"_coverageSchema":"1a1c01bbd47fc00a2c39e90264f33305004495a9","hash":"2c8252e387620a5041b1152a969632003031ea58"}
,"C:\\WePlan\\pec-conv-wdc\\src\\img\\icons\\red-bubbles.png": {"path":"C:\\WePlan\\pec-conv-wdc\\src\\img\\icons\\red-bubbles.png","statementMap":{"0":{"start":{"line":1,"column":0},"end":{"line":1,"column":35}}},"fnMap":{},"branchMap":{},"s":{"0":2},"f":{},"b":{},"inputSourceMap":null,"_coverageSchema":"1a1c01bbd47fc00a2c39e90264f33305004495a9","hash":"ecbf64cac1c32fcbda2d025aa00f1c8799326533"}
,"C:\\WePlan\\pec-conv-wdc\\src\\img\\icons\\search.svg": {"path":"C:\\WePlan\\pec-conv-wdc\\src\\img\\icons\\search.svg","statementMap":{"0":{"start":{"line":1,"column":0},"end":{"line":1,"column":30}}},"fnMap":{},"branchMap":{},"s":{"0":2},"f":{},"b":{},"inputSourceMap":null,"_coverageSchema":"1a1c01bbd47fc00a2c39e90264f33305004495a9","hash":"9685908143c08ab1d38092337577dcf88715a6cc"}
,"C:\\WePlan\\pec-conv-wdc\\src\\img\\icons\\search_dark.svg": {"path":"C:\\WePlan\\pec-conv-wdc\\src\\img\\icons\\search_dark.svg","statementMap":{"0":{"start":{"line":1,"column":0},"end":{"line":1,"column":35}}},"fnMap":{},"branchMap":{},"s":{"0":2},"f":{},"b":{},"inputSourceMap":null,"_coverageSchema":"1a1c01bbd47fc00a2c39e90264f33305004495a9","hash":"ce5c66495a586d42c7097a7dee732ab542e75f4d"}
,"C:\\WePlan\\pec-conv-wdc\\src\\img\\icons\\search_sidebar.svg": {"path":"C:\\WePlan\\pec-conv-wdc\\src\\img\\icons\\search_sidebar.svg","statementMap":{"0":{"start":{"line":1,"column":0},"end":{"line":1,"column":38}}},"fnMap":{},"branchMap":{},"s":{"0":2},"f":{},"b":{},"inputSourceMap":null,"_coverageSchema":"1a1c01bbd47fc00a2c39e90264f33305004495a9","hash":"da3616c98d6a04db2293cbe4b126815a3dfb342b"}
,"C:\\WePlan\\pec-conv-wdc\\src\\img\\icons\\search_sidebar_hover.svg": {"path":"C:\\WePlan\\pec-conv-wdc\\src\\img\\icons\\search_sidebar_hover.svg","statementMap":{"0":{"start":{"line":1,"column":0},"end":{"line":1,"column":44}}},"fnMap":{},"branchMap":{},"s":{"0":2},"f":{},"b":{},"inputSourceMap":null,"_coverageSchema":"1a1c01bbd47fc00a2c39e90264f33305004495a9","hash":"ee21503da28a5f431c8194723ff925a333fe8aef"}
,"C:\\WePlan\\pec-conv-wdc\\src\\img\\icons\\success.png": {"path":"C:\\WePlan\\pec-conv-wdc\\src\\img\\icons\\success.png","statementMap":{"0":{"start":{"line":1,"column":0},"end":{"line":1,"column":31}}},"fnMap":{},"branchMap":{},"s":{"0":2},"f":{},"b":{},"inputSourceMap":null,"_coverageSchema":"1a1c01bbd47fc00a2c39e90264f33305004495a9","hash":"b6ce51345fd408405c85a0398855bc20455c77c4"}
,"C:\\WePlan\\pec-conv-wdc\\src\\img\\icons\\ubication-pin.svg": {"path":"C:\\WePlan\\pec-conv-wdc\\src\\img\\icons\\ubication-pin.svg","statementMap":{"0":{"start":{"line":1,"column":0},"end":{"line":1,"column":37}}},"fnMap":{},"branchMap":{},"s":{"0":2},"f":{},"b":{},"inputSourceMap":null,"_coverageSchema":"1a1c01bbd47fc00a2c39e90264f33305004495a9","hash":"78ff26cb4c067d60b23d54d295a6d3da49855220"}
,"C:\\WePlan\\pec-conv-wdc\\src\\img\\icons\\uruguay.svg": {"path":"C:\\WePlan\\pec-conv-wdc\\src\\img\\icons\\uruguay.svg","statementMap":{"0":{"start":{"line":1,"column":0},"end":{"line":1,"column":31}}},"fnMap":{},"branchMap":{},"s":{"0":2},"f":{},"b":{},"inputSourceMap":null,"_coverageSchema":"1a1c01bbd47fc00a2c39e90264f33305004495a9","hash":"aee9454c8a02a36688291e2f1f45a096273253f9"}
,"C:\\WePlan\\pec-conv-wdc\\src\\img\\icons\\verify.svg": {"path":"C:\\WePlan\\pec-conv-wdc\\src\\img\\icons\\verify.svg","statementMap":{"0":{"start":{"line":1,"column":0},"end":{"line":1,"column":30}}},"fnMap":{},"branchMap":{},"s":{"0":2},"f":{},"b":{},"inputSourceMap":null,"_coverageSchema":"1a1c01bbd47fc00a2c39e90264f33305004495a9","hash":"192bfe094ba3432845adb8f1246f3aafc9ff74d3"}
,"C:\\WePlan\\pec-conv-wdc\\src\\img\\icons\\warning.png": {"path":"C:\\WePlan\\pec-conv-wdc\\src\\img\\icons\\warning.png","statementMap":{"0":{"start":{"line":1,"column":0},"end":{"line":1,"column":31}}},"fnMap":{},"branchMap":{},"s":{"0":2},"f":{},"b":{},"inputSourceMap":null,"_coverageSchema":"1a1c01bbd47fc00a2c39e90264f33305004495a9","hash":"c2e6c0aa9dc2936497ea708176e144ba5e851b0b"}
,"C:\\WePlan\\pec-conv-wdc\\src\\img\\icons\\yellow-bubbles.png": {"path":"C:\\WePlan\\pec-conv-wdc\\src\\img\\icons\\yellow-bubbles.png","statementMap":{"0":{"start":{"line":1,"column":0},"end":{"line":1,"column":38}}},"fnMap":{},"branchMap":{},"s":{"0":2},"f":{},"b":{},"inputSourceMap":null,"_coverageSchema":"1a1c01bbd47fc00a2c39e90264f33305004495a9","hash":"82fe35e8bd8befbdea6e2cafeae8bba4a99023b7"}
}
